ECMC_TEST_PREFIX:#m0s126-Dev-Ctrl
ECMC_TEST_PREFIX:#m0s174-AO01-CycCnt
ECMC_TEST_PREFIX:#m0s174-AO02-CycCnt
ECMC_TEST_PREFIX:#m0s186-Ch01-Cmd
ECMC_TEST_PREFIX:#m0s186-Ch02-Cmd
ECMC_TEST_PREFIX:#m0s189-Ch01-Cmd
ECMC_TEST_PREFIX:#m0s189-Ch02-Cmd
ECMC_TEST_PREFIX:#m0s233-Dev-Ctrl
ECMC_TEST_PREFIX:#m0s234-Dev-Ctrl
ECMC_TEST_PREFIX:#m0s245-One
ECMC_TEST_PREFIX:#m0s245-Zero
ECMC_TEST_PREFIX:Axis10-DIR_
ECMC_TEST_PREFIX:Axis10-ErrRst
ECMC_TEST_PREFIX:Axis10-HomProc
ECMC_TEST_PREFIX:#m0s100-Enc01-PosAct
ECMC_TEST_PREFIX:#m0s100-Enc01-VelAct
ECMC_TEST_PREFIX:#m0s100-Enc01-Temp
ECMC_TEST_PREFIX:#m0s101-latchTime01-rising
ECMC_TEST_PREFIX:#m0s101-latchTime01-falling
ECMC_TEST_PREFIX:#m0s101-latchTime02-rising
ECMC_TEST_PREFIX:#m0s101-latchTime02-falling
ECMC_TEST_PREFIX:#m0s103-ACC01
ECMC_TEST_PREFIX:#m0s103-ACC02
ECMC_TEST_PREFIX:#m0s103-ACC03
ECMC_TEST_PREFIX:#m0s103-ACC04
ECMC_TEST_PREFIX:#m0s103-ACC05
ECMC_TEST_PREFIX:#m0s103-ACC06
ECMC_TEST_PREFIX:#m0s105-BI01-TimeRise
ECMC_TEST_PREFIX:#m0s105-BI01-TimeFall
ECMC_TEST_PREFIX:#m0s105-BI02-TimeRise
ECMC_TEST_PREFIX:#m0s105-BI02-TimeFall
ECMC_TEST_PREFIX:#m0s123-AO01-RB
ECMC_TEST_PREFIX:#m0s123-AO02-RB
ECMC_TEST_PREFIX:#m0s126-Dev-StartTime-RB
ECMC_TEST_PREFIX:#m0s127-Drv01-VeloSet-RB
ECMC_TEST_PREFIX:#m0s127-Enc01-PosAct
ECMC_TEST_PREFIX:#m0s127-Enc01-PosVal-RB
ECMC_TEST_PREFIX:#m0s136-Drv01-VeloSet-RB
ECMC_TEST_PREFIX:#m0s136-Drv02-VeloSet-RB
ECMC_TEST_PREFIX:#m0s136-Enc01-PosAct
ECMC_TEST_PREFIX:#m0s136-Enc02-PosAct
ECMC_TEST_PREFIX:#m0s136-Enc01-PosVal-RB
ECMC_TEST_PREFIX:#m0s136-Enc02-PosVal-RB
ECMC_TEST_PREFIX:#m0s137-AI01
ECMC_TEST_PREFIX:#m0s137-AI02
ECMC_TEST_PREFIX:#m0s137-AI03
ECMC_TEST_PREFIX:#m0s137-AI04
ECMC_TEST_PREFIX:#m0s139-AI01
ECMC_TEST_PREFIX:#m0s139-AI02
ECMC_TEST_PREFIX:#m0s139-AI03
ECMC_TEST_PREFIX:#m0s139-AI04
ECMC_TEST_PREFIX:#m0s140-AI01
ECMC_TEST_PREFIX:#m0s140-AI02
ECMC_TEST_PREFIX:#m0s141-AI01
ECMC_TEST_PREFIX:#m0s141-AI02
ECMC_TEST_PREFIX:#m0s141-AI03
ECMC_TEST_PREFIX:#m0s141-AI04
ECMC_TEST_PREFIX:#m0s142-Dev-NxtTime
ECMC_TEST_PREFIX:#m0s143-AI01
ECMC_TEST_PREFIX:#m0s143-AI02
ECMC_TEST_PREFIX:#m0s143-AI03
ECMC_TEST_PREFIX:#m0s143-AI04
ECMC_TEST_PREFIX:#m0s144-AI01
ECMC_TEST_PREFIX:#m0s144-AI02
ECMC_TEST_PREFIX:#m0s144-AI03
ECMC_TEST_PREFIX:#m0s144-AI04
ECMC_TEST_PREFIX:#m0s148-AI01
ECMC_TEST_PREFIX:#m0s148-AI02
ECMC_TEST_PREFIX:#m0s148-AI03
ECMC_TEST_PREFIX:#m0s148-AI04
ECMC_TEST_PREFIX:#m0s149-AI01
ECMC_TEST_PREFIX:#m0s149-AI02
ECMC_TEST_PREFIX:#m0s150-AI01
ECMC_TEST_PREFIX:#m0s150-AI02
ECMC_TEST_PREFIX:#m0s150-AI03
ECMC_TEST_PREFIX:#m0s150-AI04
ECMC_TEST_PREFIX:#m0s151-AI01
ECMC_TEST_PREFIX:#m0s151-AI02
ECMC_TEST_PREFIX:#m0s151-AI03
ECMC_TEST_PREFIX:#m0s151-AI04
ECMC_TEST_PREFIX:#m0s152-AI01
ECMC_TEST_PREFIX:#m0s152-AI02
ECMC_TEST_PREFIX:#m0s153-AI01
ECMC_TEST_PREFIX:#m0s153-AI02
ECMC_TEST_PREFIX:#m0s153-AI03
ECMC_TEST_PREFIX:#m0s153-AI04
ECMC_TEST_PREFIX:#m0s153-AI05
ECMC_TEST_PREFIX:#m0s155-AI01
ECMC_TEST_PREFIX:#m0s155-AI02
ECMC_TEST_PREFIX:#m0s155-AI03
ECMC_TEST_PREFIX:#m0s155-AI04
ECMC_TEST_PREFIX:#m0s156-AI01
ECMC_TEST_PREFIX:#m0s156-AI02
ECMC_TEST_PREFIX:#m0s156-AI03
ECMC_TEST_PREFIX:#m0s156-AI04
ECMC_TEST_PREFIX:#m0s156-AI05
ECMC_TEST_PREFIX:#m0s156-AI06
ECMC_TEST_PREFIX:#m0s156-AI07
ECMC_TEST_PREFIX:#m0s156-AI08
ECMC_TEST_PREFIX:#m0s158-AI01
ECMC_TEST_PREFIX:#m0s158-AI02
ECMC_TEST_PREFIX:#m0s158-AI03
ECMC_TEST_PREFIX:#m0s158-AI04
ECMC_TEST_PREFIX:#m0s159-AI01
ECMC_TEST_PREFIX:#m0s159-AI02
ECMC_TEST_PREFIX:#m0s159-AI03
ECMC_TEST_PREFIX:#m0s159-AI04
ECMC_TEST_PREFIX:#m0s160-Dev-NxtTime
ECMC_TEST_PREFIX:#m0s161-AI01
ECMC_TEST_PREFIX:#m0s161-AI02
ECMC_TEST_PREFIX:#m0s161-AI03
ECMC_TEST_PREFIX:#m0s161-AI04
ECMC_TEST_PREFIX:#m0s162-AI01
ECMC_TEST_PREFIX:#m0s162-AI02
ECMC_TEST_PREFIX:#m0s162-AI03
ECMC_TEST_PREFIX:#m0s162-AI04
ECMC_TEST_PREFIX:#m0s164-AI01
ECMC_TEST_PREFIX:#m0s164-AI02
ECMC_TEST_PREFIX:#m0s166-AI01
ECMC_TEST_PREFIX:#m0s166-AI02
ECMC_TEST_PREFIX:#m0s167-AI01
ECMC_TEST_PREFIX:#m0s167-AI02
ECMC_TEST_PREFIX:#m0s167-AI03
ECMC_TEST_PREFIX:#m0s167-AI04
ECMC_TEST_PREFIX:#m0s168-AI01
ECMC_TEST_PREFIX:#m0s168-AI02
ECMC_TEST_PREFIX:#m0s168-AI03
ECMC_TEST_PREFIX:#m0s168-AI04
ECMC_TEST_PREFIX:#m0s169-AI01
ECMC_TEST_PREFIX:#m0s169-AI02
ECMC_TEST_PREFIX:#m0s170-AO01-RB
ECMC_TEST_PREFIX:#m0s170-AO02-RB
ECMC_TEST_PREFIX:#m0s171-AO01-RB
ECMC_TEST_PREFIX:#m0s171-AO02-RB
ECMC_TEST_PREFIX:#m0s172-AO01-RB
ECMC_TEST_PREFIX:#m0s172-AO02-RB
ECMC_TEST_PREFIX:#m0s173-AO01-RB
ECMC_TEST_PREFIX:#m0s173-AO02-RB
ECMC_TEST_PREFIX:#m0s173-AO03-RB
ECMC_TEST_PREFIX:#m0s173-AO04-RB
ECMC_TEST_PREFIX:#m0s174-Dev-NxtTime
ECMC_TEST_PREFIX:#m0s175-AO01-RB
ECMC_TEST_PREFIX:#m0s175-AO02-RB
ECMC_TEST_PREFIX:#m0s175-AO03-RB
ECMC_TEST_PREFIX:#m0s175-AO04-RB
ECMC_TEST_PREFIX:#m0s176-AO01-RB
ECMC_TEST_PREFIX:#m0s176-AO02-RB
ECMC_TEST_PREFIX:#m0s176-AO03-RB
ECMC_TEST_PREFIX:#m0s176-AO04-RB
ECMC_TEST_PREFIX:#m0s177-AO01-RB
ECMC_TEST_PREFIX:#m0s177-AO02-RB
ECMC_TEST_PREFIX:#m0s178-Enc01-PosAct
ECMC_TEST_PREFIX:#m0s178-Enc02-PosAct
ECMC_TEST_PREFIX:#m0s179-Enc01-Cmd-RB
ECMC_TEST_PREFIX:#m0s179-Enc01-PosCmd-RB
ECMC_TEST_PREFIX:#m0s180-Enc01-PosAct
ECMC_TEST_PREFIX:#m0s180-Enc02-PosAct
ECMC_TEST_PREFIX:#m0s181-Enc01-PosAct
ECMC_TEST_PREFIX:#m0s182-Enc01-PosAct
ECMC_TEST_PREFIX:#m0s182-Enc01-LtchPosAct
ECMC_TEST_PREFIX:#m0s182-Enc01-Cmd-RB
ECMC_TEST_PREFIX:#m0s182-Enc01-PosCmd-RB
ECMC_TEST_PREFIX:#m0s183-Enc01-PosAct
ECMC_TEST_PREFIX:#m0s183-Enc01-LtchPosAct
ECMC_TEST_PREFIX:#m0s183-Enc01-Cmd-RB
ECMC_TEST_PREFIX:#m0s183-Enc01-PosCmd-RB
ECMC_TEST_PREFIX:#m0s183-Enc01-FreqAct
ECMC_TEST_PREFIX:#m0s183-Enc01-PeriodAct
ECMC_TEST_PREFIX:#m0s184-Enc01-PosAct
ECMC_TEST_PREFIX:#m0s190-Cntr01-Act
ECMC_TEST_PREFIX:#m0s190-Cntr02-Act
ECMC_TEST_PREFIX:#m0s190-Cntr03-Act
ECMC_TEST_PREFIX:#m0s190-Cntr04-Act
ECMC_TEST_PREFIX:#m0s190-Tmr01-Act
ECMC_TEST_PREFIX:#m0s190-Tmr02-Act
ECMC_TEST_PREFIX:#m0s190-Tmr03-Act
ECMC_TEST_PREFIX:#m0s190-Tmr04-Act
ECMC_TEST_PREFIX:#m0s190-Dev-OpHrs
ECMC_TEST_PREFIX:#m0s190-Ch01-Val-RB
ECMC_TEST_PREFIX:#m0s190-Ch02-Val-RB
ECMC_TEST_PREFIX:#m0s191-Drv01-Cmd-RB
ECMC_TEST_PREFIX:#m0s191-Drv01-Spd-RB
ECMC_TEST_PREFIX:#m0s191-Enc01-PosAct
ECMC_TEST_PREFIX:#m0s192-Drv01-Cmd-RB
ECMC_TEST_PREFIX:#m0s192-Drv01-PosCmd-RB
ECMC_TEST_PREFIX:#m0s192-Enc01-PosAct
ECMC_TEST_PREFIX:#m0s193-Drv01-Cmd-RB
ECMC_TEST_PREFIX:#m0s193-Drv01-Spd-RB
ECMC_TEST_PREFIX:#m0s193-Enc01-PosAct
ECMC_TEST_PREFIX:#m0s194-Drv01-Cmd-RB
ECMC_TEST_PREFIX:#m0s194-Drv01-PosCmd-RB
ECMC_TEST_PREFIX:#m0s194-Enc01-PosAct
ECMC_TEST_PREFIX:#m0s195-Enc01-PosAct
ECMC_TEST_PREFIX:#m0s195-Enc01-LtchPosAct
ECMC_TEST_PREFIX:#m0s195-Enc01-Cmd-RB
ECMC_TEST_PREFIX:#m0s195-Enc01-PosCmd-RB
ECMC_TEST_PREFIX:#m0s196-Drv01-Cmd-RB
ECMC_TEST_PREFIX:#m0s196-Drv01-Spd-RB
ECMC_TEST_PREFIX:#m0s196-Enc01-PosAct
ECMC_TEST_PREFIX:#m0s196-AI01
ECMC_TEST_PREFIX:#m0s197-Drv01-Cmd-RB
ECMC_TEST_PREFIX:#m0s197-Drv01-PosCmd-RB
ECMC_TEST_PREFIX:#m0s197-Enc01-PosAct
ECMC_TEST_PREFIX:#m0s197-Enc01-LtchPosAct
ECMC_TEST_PREFIX:#m0s197-Enc01-Cmd-RB
ECMC_TEST_PREFIX:#m0s197-Enc01-PosCmd-RB
ECMC_TEST_PREFIX:#m0s198-Drv01-Cmd-RB
ECMC_TEST_PREFIX:#m0s198-Drv01-Spd-RB
ECMC_TEST_PREFIX:#m0s198-Enc01-PosAct
ECMC_TEST_PREFIX:#m0s199-Drv01-Cmd-RB
ECMC_TEST_PREFIX:#m0s199-Drv01-Spd-RB
ECMC_TEST_PREFIX:#m0s199-Enc01-PosAct
ECMC_TEST_PREFIX:#m0s199-Enc01-LtchPosAct
ECMC_TEST_PREFIX:#m0s199-Enc01-Cmd-RB
ECMC_TEST_PREFIX:#m0s199-Enc01-PosCmd-RB
ECMC_TEST_PREFIX:#m0s200-Drv01-Cmd-RB
ECMC_TEST_PREFIX:#m0s200-Drv01-PosCmd-RB
ECMC_TEST_PREFIX:#m0s201--Drv01-Cmd-RB
ECMC_TEST_PREFIX:#m0s201--Drv01-Spd-RB
ECMC_TEST_PREFIX:#m0s201--Drv02-Cmd-RB
ECMC_TEST_PREFIX:#m0s201--Drv02-Spd-RB
ECMC_TEST_PREFIX:#m0s202-Drv01-Cmd-RB
ECMC_TEST_PREFIX:#m0s202-Drv01-Spd-RB
ECMC_TEST_PREFIX:#m0s202-Enc01-PosAct
ECMC_TEST_PREFIX:#m0s203-Drv01-Cmd-RB
ECMC_TEST_PREFIX:#m0s203-Drv01-Spd-RB
ECMC_TEST_PREFIX:#m0s203-Enc01-PosAct
ECMC_TEST_PREFIX:#m0s203-Enc01-LtchPosAct
ECMC_TEST_PREFIX:#m0s203-Enc01-Cmd-RB
ECMC_TEST_PREFIX:#m0s203-Enc01-PosCmd-RB
ECMC_TEST_PREFIX:#m0s204-Drv01-Cmd-RB
ECMC_TEST_PREFIX:#m0s204-Drv01-Spd-RB
ECMC_TEST_PREFIX:#m0s204-Enc01-PosAct
ECMC_TEST_PREFIX:#m0s204-Enc01-LtchPosAct
ECMC_TEST_PREFIX:#m0s204-Enc01-Cmd-RB
ECMC_TEST_PREFIX:#m0s204-Enc01-PosCmd-RB
ECMC_TEST_PREFIX:#m0s205-Pos01-Stat
ECMC_TEST_PREFIX:#m0s205-Pos01-PosAct
ECMC_TEST_PREFIX:#m0s205-Pos01-Vel
ECMC_TEST_PREFIX:#m0s205-Pos01-Time
ECMC_TEST_PREFIX:#m0s205-Enc01-Count-RB
ECMC_TEST_PREFIX:#m0s205-Pos01-Ctrl-RB
ECMC_TEST_PREFIX:#m0s205-Pos01-PosCmd-RB
ECMC_TEST_PREFIX:#m0s205-Pos01-VelCmd-RB
ECMC_TEST_PREFIX:#m0s205-Pos01-StartType-RB
ECMC_TEST_PREFIX:#m0s205-Pos01-AccCmd-RB
ECMC_TEST_PREFIX:#m0s205-Pos01-DecCmd-RB
ECMC_TEST_PREFIX:#m0s205-Drv01-Ctrl-RB
ECMC_TEST_PREFIX:#m0s205-Enc01-PosAct
ECMC_TEST_PREFIX:#m0s205-Enc01-LtchPosAct
ECMC_TEST_PREFIX:#m0s205-Enc01-Cmd-RB
ECMC_TEST_PREFIX:#m0s206-Drv01-Cmd-RB
ECMC_TEST_PREFIX:#m0s206-Drv01-Spd-RB
ECMC_TEST_PREFIX:#m0s206-Enc01-PosAct
ECMC_TEST_PREFIX:#m0s206-Enc01-LtchPosAct
ECMC_TEST_PREFIX:#m0s206-Enc01-Cmd-RB
ECMC_TEST_PREFIX:#m0s206-Enc01-PosCmd-RB
ECMC_TEST_PREFIX:#m0s207-Drv01-Cmd-RB
ECMC_TEST_PREFIX:#m0s207-Drv01-Spd-RB
ECMC_TEST_PREFIX:#m0s207-Enc01-PosAct
ECMC_TEST_PREFIX:#m0s208-Drv01-Cmd-RB
ECMC_TEST_PREFIX:#m0s208-Drv01-Spd-RB
ECMC_TEST_PREFIX:#m0s208-Enc01-PosAct
ECMC_TEST_PREFIX:#m0s209-Drv01-Cmd-RB
ECMC_TEST_PREFIX:#m0s209-Drv01-Spd-RB
ECMC_TEST_PREFIX:#m0s209-Enc01-PosAct
ECMC_TEST_PREFIX:#m0s210-Drv01-Cmd-RB
ECMC_TEST_PREFIX:#m0s210-Drv01-PosCmd-RB
ECMC_TEST_PREFIX:#m0s210-Enc01-PosAct
ECMC_TEST_PREFIX:#m0s211-Drv01-Cmd-RB
ECMC_TEST_PREFIX:#m0s211-Drv01-Spd-RB
ECMC_TEST_PREFIX:#m0s211-Enc01-PosAct
ECMC_TEST_PREFIX:#m0s211-Enc01-LtchPosAct
ECMC_TEST_PREFIX:#m0s211-Enc01-Cmd-RB
ECMC_TEST_PREFIX:#m0s211-Enc01-PosCmd-RB
ECMC_TEST_PREFIX:#m0s212-Drv01-Cmd-RB
ECMC_TEST_PREFIX:#m0s212-Drv01-Spd-RB
ECMC_TEST_PREFIX:#m0s212-Enc01-PosAct
ECMC_TEST_PREFIX:#m0s212-Enc01-LtchPosAct
ECMC_TEST_PREFIX:#m0s212-Enc01-Cmd-RB
ECMC_TEST_PREFIX:#m0s212-Enc01-PosCmd-RB
ECMC_TEST_PREFIX:#m0s214-CH01-CurrAct
ECMC_TEST_PREFIX:#m0s214-CH01-DtyCyc
ECMC_TEST_PREFIX:#m0s214-CH01-VoltAct
ECMC_TEST_PREFIX:#m0s217-CH01-LoadAct
ECMC_TEST_PREFIX:#m0s217-CH01-CurrAct
ECMC_TEST_PREFIX:#m0s217-CH01-VoltInAct
ECMC_TEST_PREFIX:#m0s217-CH01-VoltOutAct
ECMC_TEST_PREFIX:#m0s217-CH02-LoadAct
ECMC_TEST_PREFIX:#m0s217-CH02-CurrAct
ECMC_TEST_PREFIX:#m0s217-CH02-VoltInAct
ECMC_TEST_PREFIX:#m0s217-CH02-VoltOutAct
ECMC_TEST_PREFIX:#m0s223-AccTime
ECMC_TEST_PREFIX:#m0s223-AccX
ECMC_TEST_PREFIX:#m0s223-AccY
ECMC_TEST_PREFIX:#m0s223-AccZ
ECMC_TEST_PREFIX:#m0s223-VoltUsIn
ECMC_TEST_PREFIX:#m0s223-VoltUpIn
ECMC_TEST_PREFIX:#m0s223-VoltUpOut
ECMC_TEST_PREFIX:#m0s237-CH01-PosAct
ECMC_TEST_PREFIX:#m0s237-CH02-PosAct
ECMC_TEST_PREFIX:#m0s237-CH03-PosAct
ECMC_TEST_PREFIX:#m0s237-CH04-PosAct
ECMC_TEST_PREFIX:#m0s237-CH05-PosAct
ECMC_TEST_PREFIX:#m0s237-CH06-PosAct
ECMC_TEST_PREFIX:#m0s237-CH07-PosAct
ECMC_TEST_PREFIX:#m0s237-CH08-PosAct
ECMC_TEST_PREFIX:#m0s237-CH09-PosAct
ECMC_TEST_PREFIX:#m0s237-CH10-PosAct
ECMC_TEST_PREFIX:#m0s237-CH11-PosAct
ECMC_TEST_PREFIX:#m0s237-CH12-PosAct
ECMC_TEST_PREFIX:#m0s237-CH13-PosAct
ECMC_TEST_PREFIX:#m0s237-CH14-PosAct
ECMC_TEST_PREFIX:#m0s237-CH15-PosAct
ECMC_TEST_PREFIX:#m0s238-Enc01-PosAct
ECMC_TEST_PREFIX:#m0s238-Drv01-VeloSet-RB
ECMC_TEST_PREFIX:#m0s239-Enc01-PosAct
ECMC_TEST_PREFIX:#m0s240-Enc01-PosAct
ECMC_TEST_PREFIX:#m0s241-Enc01-PosAct
ECMC_TEST_PREFIX:#m0s242-counter01
ECMC_TEST_PREFIX:#m0s242-temperature01
ECMC_TEST_PREFIX:#m0s242-X01
ECMC_TEST_PREFIX:#m0s242-Y01
ECMC_TEST_PREFIX:#m0s242-Z01
ECMC_TEST_PREFIX:#m0s244-Enc01-PosAct
ECMC_TEST_PREFIX:#m0s244-Enc02-PosAct
ECMC_TEST_PREFIX:#m0s244-Drv01-VeloSet-RB
ECMC_TEST_PREFIX:#m0s244-Drv01-Curr
ECMC_TEST_PREFIX:#m0s244-Drv01-Volt
ECMC_TEST_PREFIX:#m0s244-Drv01-Temp
ECMC_TEST_PREFIX:#m0s244-AI01
ECMC_TEST_PREFIX:#m0s244-AI02
ECMC_TEST_PREFIX:#m0s245-Enc01-PosAct
ECMC_TEST_PREFIX:#m0s245-Enc02-PosAct
ECMC_TEST_PREFIX:#m0s245-Drv01-VeloSet-RB
ECMC_TEST_PREFIX:#m0s245-Drv01-Curr
ECMC_TEST_PREFIX:#m0s245-Drv01-Volt
ECMC_TEST_PREFIX:#m0s245-Drv01-Temp
ECMC_TEST_PREFIX:#m0s245-AI01
ECMC_TEST_PREFIX:#m0s245-AI02
ECMC_TEST_PREFIX:Axis10-VelAct
ECMC_TEST_PREFIX:Axis10-Vel-RB
ECMC_TEST_PREFIX:Axis10-Acc-RB
ECMC_TEST_PREFIX:Axis10-EncAct
ECMC_TEST_PREFIX:Axis10-CfgSREV-RB
ECMC_TEST_PREFIX:Axis10-CfgUREV-RB
ECMC_TEST_PREFIX:Axis10-CfgPMIN-RB
ECMC_TEST_PREFIX:Axis10-CfgPMAX-RB
ECMC_TEST_PREFIX:Axis10-CfgSPDB-RB
ECMC_TEST_PREFIX:Axis10-CfgRDBD-RB
ECMC_TEST_PREFIX:Axis10-CfgRDBD-Tim-RB
ECMC_TEST_PREFIX:Axis10-CfgPOSLAG-RB
ECMC_TEST_PREFIX:Axis10-CfgPOSLAG-Tim-RB
ECMC_TEST_PREFIX:Axis10-CfgDHLM-RB
ECMC_TEST_PREFIX:Axis10-CfgDLLM-RB
ECMC_TEST_PREFIX:Axis10-CfgVELO-RB
ECMC_TEST_PREFIX:Axis10-CfgVMAX-RB
ECMC_TEST_PREFIX:Axis10-CfgJVEL-RB
ECMC_TEST_PREFIX:Axis10-CfgACCS-RB
ECMC_TEST_PREFIX:Axis10-HomPos-RB
ECMC_TEST_PREFIX:Axis10-PosAct
ECMC_TEST_PREFIX:Axis10-PosSet
ECMC_TEST_PREFIX:Axis10-PosErr
ECMC_TEST_PREFIX:Axis10-PLC-Err
ECMC_TEST_PREFIX:MCU-AppMode
ECMC_TEST_PREFIX:MCU-ErrId
ECMC_TEST_PREFIX:MCU-ThdLatMin
ECMC_TEST_PREFIX:MCU-ThdLatMax
ECMC_TEST_PREFIX:MCU-ThdPrdMin
ECMC_TEST_PREFIX:MCU-ThdPrdMmax
ECMC_TEST_PREFIX:MCU-ThdExeMin
ECMC_TEST_PREFIX:MCU-ThdExeMax
ECMC_TEST_PREFIX:MCU-ThdSndMin
ECMC_TEST_PREFIX:MCU-ThdSndMax
ECMC_TEST_PREFIX:#m0s127-Drv01-Ctrl
ECMC_TEST_PREFIX:#m0s127-Enc01-Ctrl
ECMC_TEST_PREFIX:#m0s136-Drv01-Ctrl
ECMC_TEST_PREFIX:#m0s136-Drv02-Ctrl
ECMC_TEST_PREFIX:#m0s136-Enc01-Ctrl
ECMC_TEST_PREFIX:#m0s136-Enc02-Ctrl
ECMC_TEST_PREFIX:#m0s146-AI01-Ctrl
ECMC_TEST_PREFIX:#m0s146-AI02-Ctrl
ECMC_TEST_PREFIX:#m0s154-AI01-Ctrl
ECMC_TEST_PREFIX:#m0s157-AI01-Ctrl
ECMC_TEST_PREFIX:#m0s157-AI02-Ctrl
ECMC_TEST_PREFIX:#m0s157-AI03-Ctrl
ECMC_TEST_PREFIX:#m0s157-AI04-Ctrl
ECMC_TEST_PREFIX:#m0s165-AI01-Ctrl
ECMC_TEST_PREFIX:#m0s165-AI02-Ctrl
ECMC_TEST_PREFIX:#m0s165-AI03-Ctrl
ECMC_TEST_PREFIX:#m0s165-AI04-Ctrl
ECMC_TEST_PREFIX:#m0s217-CH01-Ctrl_
ECMC_TEST_PREFIX:#m0s217-CH02-Ctrl_
ECMC_TEST_PREFIX:#m0s238-Drv01-Ctrl
ECMC_TEST_PREFIX:#m0s244-Drv01-Ctrl
ECMC_TEST_PREFIX:#m0s244-BO01-Array
ECMC_TEST_PREFIX:#m0s245-Drv01-Ctrl
ECMC_TEST_PREFIX:#m0s245-BO01-Array
ECMC_TEST_PREFIX:Axis10-Cmd_
ECMC_TEST_PREFIX:#m0s182-Enc01-LtchRst
ECMC_TEST_PREFIX:#m0s183-Enc01-LtchRst
ECMC_TEST_PREFIX:#m0s195-Enc01-LtchRst
ECMC_TEST_PREFIX:#m0s197-Enc01-LtchRst
ECMC_TEST_PREFIX:#m0s199-Enc01-LtchRst
ECMC_TEST_PREFIX:#m0s203-Enc01-LtchRst
ECMC_TEST_PREFIX:#m0s204-Enc01-LtchRst
ECMC_TEST_PREFIX:#m0s206-Enc01-LtchRst
ECMC_TEST_PREFIX:#m0s211-Enc01-LtchRst
ECMC_TEST_PREFIX:#m0s212-Enc01-LtchRst
ECMC_TEST_PREFIX:#m0s182-Enc01-LtchCmd
ECMC_TEST_PREFIX:#m0s183-Enc01-LtchCmd
ECMC_TEST_PREFIX:#m0s195-Enc01-LtchCmd
ECMC_TEST_PREFIX:#m0s197-Enc01-LtchCmd
ECMC_TEST_PREFIX:#m0s199-Enc01-LtchCmd
ECMC_TEST_PREFIX:#m0s203-Enc01-LtchCmd
ECMC_TEST_PREFIX:#m0s204-Enc01-LtchCmd
ECMC_TEST_PREFIX:#m0s206-Enc01-LtchCmd
ECMC_TEST_PREFIX:#m0s211-Enc01-LtchCmd
ECMC_TEST_PREFIX:#m0s212-Enc01-LtchCmd
ECMC_TEST_PREFIX:#m0s101-latchTime01-risingTS
ECMC_TEST_PREFIX:#m0s101-latchTime01-fallingTS
ECMC_TEST_PREFIX:#m0s101-latchTime02-risingTS
ECMC_TEST_PREFIX:#m0s101-latchTime02-fallingTS
ECMC_TEST_PREFIX:#m0s105-BI01-TimeRiseTS
ECMC_TEST_PREFIX:#m0s105-BI01-TimeFallTS
ECMC_TEST_PREFIX:#m0s105-BI02-TimeRiseTS
ECMC_TEST_PREFIX:#m0s105-BI02-TimeFallTS
ECMC_TEST_PREFIX:#m0s223-AccTimeTS
REQMOD:ecmc-debian-tes-31954:BaseVersion
REQMOD:ecmc-debian-tes-31954:require_VER
REQMOD:ecmc-debian-tes-31954:ecmccfg_VER
REQMOD:ecmc-debian-tes-31954:asyn_VER
REQMOD:ecmc-debian-tes-31954:exprtk_VER
REQMOD:ecmc-debian-tes-31954:motor_VER
REQMOD:ecmc-debian-tes-31954:ecmc_VER
ECMC_TEST_PREFIX:#m0s245-HWType
ECMC_TEST_PREFIX:Axis10-MsgTxt
ECMC_TEST_PREFIX:#m0s126-Dev-Ctrl-RB
ECMC_TEST_PREFIX:#m0s142-AI01-CycCnt
ECMC_TEST_PREFIX:#m0s142-AI02-CycCnt
ECMC_TEST_PREFIX:#m0s160-AI01-CycCnt
ECMC_TEST_PREFIX:#m0s160-AI02-CycCnt
ECMC_TEST_PREFIX:#m0s222--ID
ECMC_TEST_PREFIX:#m0s223--ID
ECMC_TEST_PREFIX:#m0s226--ID
ECMC_TEST_PREFIX:#m0s233-Dev-Stat
ECMC_TEST_PREFIX:#m0s234-Dev-Stat
ECMC_TEST_PREFIX:#m0s245-Stat
ECMC_TEST_PREFIX:Axis10-Err
ECMC_TEST_PREFIX:Axis10-ErrId
ECMC_TEST_PREFIX:Axis10-CfgRDBD-En-RB
ECMC_TEST_PREFIX:Axis10-CfgPOSLAG-En-RB
ECMC_TEST_PREFIX:Axis10-CfgDHLM-En-RB
ECMC_TEST_PREFIX:Axis10-CfgDLLM-En-RB
ECMC_TEST_PREFIX:Axis10-Stat
ECMC_TEST_PREFIX:m0-Stat
ECMC_TEST_PREFIX:m0-SlvCntr
ECMC_TEST_PREFIX:m0-MemmapCntr
ECMC_TEST_PREFIX:m0-DomFailCntrTot
ECMC_TEST_PREFIX:m0-EntryCntr
ECMC_TEST_PREFIX:m0-Dom-Stat
ECMC_TEST_PREFIX:#m0s245-EntryCntr
ECMC_TEST_PREFIX:Axis10-SeqState
ECMC_TEST_PREFIX:Axis10-LastIlock
ECMC_TEST_PREFIX:m0-SlvRsp
ECMC_TEST_PREFIX:m0-Dom-WC
ECMC_TEST_PREFIX:#m0s117-BO01
ECMC_TEST_PREFIX:#m0s117-BO02
ECMC_TEST_PREFIX:#m0s117-BO03
ECMC_TEST_PREFIX:#m0s117-BO04
ECMC_TEST_PREFIX:#m0s118-BO01
ECMC_TEST_PREFIX:#m0s118-BO02
ECMC_TEST_PREFIX:#m0s118-BO03
ECMC_TEST_PREFIX:#m0s118-BO04
ECMC_TEST_PREFIX:#m0s119-BO01
ECMC_TEST_PREFIX:#m0s119-BO02
ECMC_TEST_PREFIX:#m0s119-BO03
ECMC_TEST_PREFIX:#m0s119-BO04
ECMC_TEST_PREFIX:#m0s119-BO05
ECMC_TEST_PREFIX:#m0s119-BO06
ECMC_TEST_PREFIX:#m0s119-BO07
ECMC_TEST_PREFIX:#m0s119-BO08
ECMC_TEST_PREFIX:#m0s120-BO01
ECMC_TEST_PREFIX:#m0s120-BO02
ECMC_TEST_PREFIX:#m0s120-BO03
ECMC_TEST_PREFIX:#m0s120-BO04
ECMC_TEST_PREFIX:#m0s120-BO05
ECMC_TEST_PREFIX:#m0s120-BO06
ECMC_TEST_PREFIX:#m0s120-BO07
ECMC_TEST_PREFIX:#m0s120-BO08
ECMC_TEST_PREFIX:#m0s121-BO01
ECMC_TEST_PREFIX:#m0s121-BO02
ECMC_TEST_PREFIX:#m0s121-BO03
ECMC_TEST_PREFIX:#m0s121-BO04
ECMC_TEST_PREFIX:#m0s121-BO05
ECMC_TEST_PREFIX:#m0s121-BO06
ECMC_TEST_PREFIX:#m0s121-BO07
ECMC_TEST_PREFIX:#m0s121-BO08
ECMC_TEST_PREFIX:#m0s122-BO01
ECMC_TEST_PREFIX:#m0s122-BO02
ECMC_TEST_PREFIX:#m0s124-BO01
ECMC_TEST_PREFIX:#m0s124-BO02
ECMC_TEST_PREFIX:#m0s124-BO03
ECMC_TEST_PREFIX:#m0s124-BO04
ECMC_TEST_PREFIX:#m0s125-BO01
ECMC_TEST_PREFIX:#m0s125-BO02
ECMC_TEST_PREFIX:#m0s126-BO01
ECMC_TEST_PREFIX:#m0s126-BO02
ECMC_TEST_PREFIX:#m0s126-BO01-TriState
ECMC_TEST_PREFIX:#m0s126-BO02-TriState
ECMC_TEST_PREFIX:#m0s128-BO01
ECMC_TEST_PREFIX:#m0s128-BO02
ECMC_TEST_PREFIX:#m0s128-BO03
ECMC_TEST_PREFIX:#m0s128-BO04
ECMC_TEST_PREFIX:#m0s128-BO05
ECMC_TEST_PREFIX:#m0s128-BO06
ECMC_TEST_PREFIX:#m0s128-BO07
ECMC_TEST_PREFIX:#m0s128-BO08
ECMC_TEST_PREFIX:#m0s129-BO01
ECMC_TEST_PREFIX:#m0s129-BO02
ECMC_TEST_PREFIX:#m0s129-BO03
ECMC_TEST_PREFIX:#m0s129-BO04
ECMC_TEST_PREFIX:#m0s130-BO01
ECMC_TEST_PREFIX:#m0s130-BO02
ECMC_TEST_PREFIX:#m0s130-BO03
ECMC_TEST_PREFIX:#m0s130-BO04
ECMC_TEST_PREFIX:#m0s131-BO01
ECMC_TEST_PREFIX:#m0s131-BO02
ECMC_TEST_PREFIX:#m0s131-BO03
ECMC_TEST_PREFIX:#m0s131-BO04
ECMC_TEST_PREFIX:#m0s131-BO05
ECMC_TEST_PREFIX:#m0s131-BO06
ECMC_TEST_PREFIX:#m0s131-BO07
ECMC_TEST_PREFIX:#m0s131-BO08
ECMC_TEST_PREFIX:#m0s132-BO01
ECMC_TEST_PREFIX:#m0s132-BO02
ECMC_TEST_PREFIX:#m0s132-BO03
ECMC_TEST_PREFIX:#m0s132-BO04
ECMC_TEST_PREFIX:#m0s132-BO05
ECMC_TEST_PREFIX:#m0s132-BO06
ECMC_TEST_PREFIX:#m0s132-BO07
ECMC_TEST_PREFIX:#m0s132-BO08
ECMC_TEST_PREFIX:#m0s132-BO09
ECMC_TEST_PREFIX:#m0s132-BO10
ECMC_TEST_PREFIX:#m0s132-BO11
ECMC_TEST_PREFIX:#m0s132-BO12
ECMC_TEST_PREFIX:#m0s132-BO13
ECMC_TEST_PREFIX:#m0s132-BO14
ECMC_TEST_PREFIX:#m0s132-BO15
ECMC_TEST_PREFIX:#m0s132-BO16
ECMC_TEST_PREFIX:#m0s133-BO01
ECMC_TEST_PREFIX:#m0s133-BO02
ECMC_TEST_PREFIX:#m0s133-BO03
ECMC_TEST_PREFIX:#m0s133-BO04
ECMC_TEST_PREFIX:#m0s134-BO01
ECMC_TEST_PREFIX:#m0s134-BO02
ECMC_TEST_PREFIX:#m0s134-BO03
ECMC_TEST_PREFIX:#m0s134-BO04
ECMC_TEST_PREFIX:#m0s135-BO01
ECMC_TEST_PREFIX:#m0s135-BO02
ECMC_TEST_PREFIX:#m0s135-BO03
ECMC_TEST_PREFIX:#m0s135-BO04
ECMC_TEST_PREFIX:#m0s135-BO05
ECMC_TEST_PREFIX:#m0s135-BO06
ECMC_TEST_PREFIX:#m0s135-BO07
ECMC_TEST_PREFIX:#m0s135-BO08
ECMC_TEST_PREFIX:#m0s182-Enc01-LtchAutRstSp
ECMC_TEST_PREFIX:#m0s183-Enc01-LtchAutRstSp
ECMC_TEST_PREFIX:#m0s190-Cntr01-Incr
ECMC_TEST_PREFIX:#m0s190-Cntr01-Rst
ECMC_TEST_PREFIX:#m0s190-Cntr02-Incr
ECMC_TEST_PREFIX:#m0s190-Cntr02-Rst
ECMC_TEST_PREFIX:#m0s190-Cntr03-Incr
ECMC_TEST_PREFIX:#m0s190-Cntr03-Rst
ECMC_TEST_PREFIX:#m0s190-Cntr04-Incr
ECMC_TEST_PREFIX:#m0s190-Cntr04-Rst
ECMC_TEST_PREFIX:#m0s190-Tmr01-Start
ECMC_TEST_PREFIX:#m0s190-Tmr01-Rst
ECMC_TEST_PREFIX:#m0s190-Tmr02-Start
ECMC_TEST_PREFIX:#m0s190-Tmr02-Rst
ECMC_TEST_PREFIX:#m0s190-Tmr03-Start
ECMC_TEST_PREFIX:#m0s190-Tmr03-Rst
ECMC_TEST_PREFIX:#m0s190-Tmr04-Start
ECMC_TEST_PREFIX:#m0s190-Tmr04-Rst
ECMC_TEST_PREFIX:#m0s195-Enc01-LtchAutRstSp
ECMC_TEST_PREFIX:#m0s197-Enc01-LtchAutRstSp
ECMC_TEST_PREFIX:#m0s199-Enc01-LtchAutRstSp
ECMC_TEST_PREFIX:#m0s203-Enc01-LtchAutRstSp
ECMC_TEST_PREFIX:#m0s204-Enc01-LtchAutRstSp
ECMC_TEST_PREFIX:#m0s206-Enc01-LtchAutRstSp
ECMC_TEST_PREFIX:#m0s211-Enc01-LtchAutRstSp
ECMC_TEST_PREFIX:#m0s212-Enc01-LtchAutRstSp
ECMC_TEST_PREFIX:#m0s217-CH01-Ctrl-Rst
ECMC_TEST_PREFIX:#m0s217-CH01-Ctrl-Swtch
ECMC_TEST_PREFIX:#m0s217-CH02-Ctrl-Rst
ECMC_TEST_PREFIX:#m0s217-CH02-Ctrl-Swtch
ECMC_TEST_PREFIX:#m0s235-BO01-Red
ECMC_TEST_PREFIX:#m0s235-BO01-Green
ECMC_TEST_PREFIX:#m0s235-BO01-Blue
ECMC_TEST_PREFIX:#m0s235-BO02-Red
ECMC_TEST_PREFIX:#m0s235-BO02-Green
ECMC_TEST_PREFIX:#m0s235-BO02-Blue
ECMC_TEST_PREFIX:#m0s235-BO03-Red
ECMC_TEST_PREFIX:#m0s235-BO03-Green
ECMC_TEST_PREFIX:#m0s235-BO03-Blue
ECMC_TEST_PREFIX:#m0s235-BO04-Red
ECMC_TEST_PREFIX:#m0s235-BO04-Green
ECMC_TEST_PREFIX:#m0s235-BO04-Blue
ECMC_TEST_PREFIX:#m0s235-BO05-Red
ECMC_TEST_PREFIX:#m0s235-BO05-Green
ECMC_TEST_PREFIX:#m0s235-BO05-Blue
ECMC_TEST_PREFIX:#m0s235-BO09-Red
ECMC_TEST_PREFIX:#m0s235-BO09-Green
ECMC_TEST_PREFIX:#m0s235-BO09-Blue
ECMC_TEST_PREFIX:#m0s235-BO10-Red
ECMC_TEST_PREFIX:#m0s235-BO10-Green
ECMC_TEST_PREFIX:#m0s235-BO10-Blue
ECMC_TEST_PREFIX:#m0s235-BO11-Red
ECMC_TEST_PREFIX:#m0s235-BO11-Green
ECMC_TEST_PREFIX:#m0s235-BO11-Blue
ECMC_TEST_PREFIX:#m0s236-BO01-Red
ECMC_TEST_PREFIX:#m0s236-BO01-Green
ECMC_TEST_PREFIX:#m0s236-BO01-Blue
ECMC_TEST_PREFIX:#m0s236-BO02-Red
ECMC_TEST_PREFIX:#m0s236-BO02-Green
ECMC_TEST_PREFIX:#m0s236-BO02-Blue
ECMC_TEST_PREFIX:#m0s236-BO03-Red
ECMC_TEST_PREFIX:#m0s236-BO03-Green
ECMC_TEST_PREFIX:#m0s236-BO03-Blue
ECMC_TEST_PREFIX:#m0s236-BO04-Red
ECMC_TEST_PREFIX:#m0s236-BO04-Green
ECMC_TEST_PREFIX:#m0s236-BO04-Blue
ECMC_TEST_PREFIX:#m0s236-BO05-Red
ECMC_TEST_PREFIX:#m0s236-BO05-Green
ECMC_TEST_PREFIX:#m0s236-BO05-Blue
ECMC_TEST_PREFIX:#m0s236-BO06-Red
ECMC_TEST_PREFIX:#m0s236-BO06-Green
ECMC_TEST_PREFIX:#m0s236-BO06-Blue
ECMC_TEST_PREFIX:#m0s236-BO07-Red
ECMC_TEST_PREFIX:#m0s236-BO07-Green
ECMC_TEST_PREFIX:#m0s236-BO07-Blue
ECMC_TEST_PREFIX:#m0s236-BO08-Red
ECMC_TEST_PREFIX:#m0s236-BO08-Green
ECMC_TEST_PREFIX:#m0s236-BO08-Blue
ECMC_TEST_PREFIX:#m0s236-BO09-Red
ECMC_TEST_PREFIX:#m0s236-BO09-Green
ECMC_TEST_PREFIX:#m0s236-BO09-Blue
ECMC_TEST_PREFIX:#m0s236-BO10-Red
ECMC_TEST_PREFIX:#m0s236-BO10-Green
ECMC_TEST_PREFIX:#m0s236-BO10-Blue
ECMC_TEST_PREFIX:Axis10-EnaCmd
ECMC_TEST_PREFIX:Axis10-ExeCmd
ECMC_TEST_PREFIX:Axis10-RstCmd
ECMC_TEST_PREFIX:Axis10-EncSrcTyp-Cmd
ECMC_TEST_PREFIX:Axis10-TrjSrcTyp-Cmd
ECMC_TEST_PREFIX:Axis10-PLC-EnaCmd
ECMC_TEST_PREFIX:Axis10-AllwCmdFrmPLCCmd
ECMC_TEST_PREFIX:Axis10-SftLimBwdEna
ECMC_TEST_PREFIX:Axis10-SftLimFwdEna
ECMC_TEST_PREFIX:MCU-ErrRst
ECMC_TEST_PREFIX:#m0s182-Enc01-LtchAutRst
ECMC_TEST_PREFIX:#m0s183-Enc01-LtchAutRst
ECMC_TEST_PREFIX:#m0s195-Enc01-LtchAutRst
ECMC_TEST_PREFIX:#m0s197-Enc01-LtchAutRst
ECMC_TEST_PREFIX:#m0s199-Enc01-LtchAutRst
ECMC_TEST_PREFIX:#m0s203-Enc01-LtchAutRst
ECMC_TEST_PREFIX:#m0s204-Enc01-LtchAutRst
ECMC_TEST_PREFIX:#m0s206-Enc01-LtchAutRst
ECMC_TEST_PREFIX:#m0s211-Enc01-LtchAutRst
ECMC_TEST_PREFIX:#m0s212-Enc01-LtchAutRst
ECMC_TEST_PREFIX:#m0s237-CH01-Inv-UDF
ECMC_TEST_PREFIX:#m0s237-CH02-Inv-UDF
ECMC_TEST_PREFIX:#m0s237-CH03-Inv-UDF
ECMC_TEST_PREFIX:#m0s237-CH04-Inv-UDF
ECMC_TEST_PREFIX:#m0s237-CH05-Inv-UDF
ECMC_TEST_PREFIX:#m0s237-CH06-Inv-UDF
ECMC_TEST_PREFIX:#m0s237-CH07-Inv-UDF
ECMC_TEST_PREFIX:#m0s237-CH08-Inv-UDF
ECMC_TEST_PREFIX:#m0s237-CH09-Inv-UDF
ECMC_TEST_PREFIX:#m0s237-CH10-Inv-UDF
ECMC_TEST_PREFIX:#m0s237-CH11-Inv-UDF
ECMC_TEST_PREFIX:#m0s237-CH12-Inv-UDF
ECMC_TEST_PREFIX:#m0s237-CH13-Inv-UDF
ECMC_TEST_PREFIX:#m0s237-CH14-Inv-UDF
ECMC_TEST_PREFIX:#m0s237-CH15-Inv-UDF
REQMOD:ecmc-debian-tes-31954:exit
ECMC_TEST_PREFIX:Axis10-DbgStrToLOG
ECMC_TEST_PREFIX:Axis10-HomProc-RB
ECMC_TEST_PREFIX:Axis10-Type
ECMC_TEST_PREFIX:#m0s100-Enc01-Alarms
ECMC_TEST_PREFIX:#m0s100-Enc01-Warnings
ECMC_TEST_PREFIX:#m0s101-BI01-Stat
ECMC_TEST_PREFIX:#m0s101-BI02-Stat
ECMC_TEST_PREFIX:#m0s103-BI01-Array
ECMC_TEST_PREFIX:#m0s103-BI02-Array
ECMC_TEST_PREFIX:#m0s105-BI01-Stat
ECMC_TEST_PREFIX:#m0s105-BI02-Stat
ECMC_TEST_PREFIX:#m0s127-Drv01-Ctrl-RB
ECMC_TEST_PREFIX:#m0s127-Drv01-Stat
ECMC_TEST_PREFIX:#m0s127-Enc01-Ctrl-RB
ECMC_TEST_PREFIX:#m0s127-Enc01-Stat
ECMC_TEST_PREFIX:#m0s132-BO01-Stat
ECMC_TEST_PREFIX:#m0s132-BO02-Stat
ECMC_TEST_PREFIX:#m0s132-BO03-Stat
ECMC_TEST_PREFIX:#m0s132-BO04-Stat
ECMC_TEST_PREFIX:#m0s132-BO05-Stat
ECMC_TEST_PREFIX:#m0s132-BO06-Stat
ECMC_TEST_PREFIX:#m0s132-BO07-Stat
ECMC_TEST_PREFIX:#m0s132-BO08-Stat
ECMC_TEST_PREFIX:#m0s132-BO09-Stat
ECMC_TEST_PREFIX:#m0s132-BO10-Stat
ECMC_TEST_PREFIX:#m0s132-BO11-Stat
ECMC_TEST_PREFIX:#m0s132-BO12-Stat
ECMC_TEST_PREFIX:#m0s132-BO13-Stat
ECMC_TEST_PREFIX:#m0s132-BO14-Stat
ECMC_TEST_PREFIX:#m0s132-BO15-Stat
ECMC_TEST_PREFIX:#m0s132-BO16-Stat
ECMC_TEST_PREFIX:#m0s134-BO01-Stat
ECMC_TEST_PREFIX:#m0s134-BO02-Stat
ECMC_TEST_PREFIX:#m0s134-BO03-Stat
ECMC_TEST_PREFIX:#m0s134-BO04-Stat
ECMC_TEST_PREFIX:#m0s136-Drv01-Ctrl-RB
ECMC_TEST_PREFIX:#m0s136-Drv02-Ctrl-RB
ECMC_TEST_PREFIX:#m0s136-Drv01-Stat
ECMC_TEST_PREFIX:#m0s136-Drv02-Stat
ECMC_TEST_PREFIX:#m0s136-Enc01-Ctrl-RB
ECMC_TEST_PREFIX:#m0s136-Enc02-Ctrl-RB
ECMC_TEST_PREFIX:#m0s136-Enc01-Stat
ECMC_TEST_PREFIX:#m0s136-Enc02-Stat
ECMC_TEST_PREFIX:#m0s137-BI01-Array
ECMC_TEST_PREFIX:#m0s137-AI01-Stat
ECMC_TEST_PREFIX:#m0s137-AI02-Stat
ECMC_TEST_PREFIX:#m0s137-AI03-Stat
ECMC_TEST_PREFIX:#m0s137-AI04-Stat
ECMC_TEST_PREFIX:#m0s137-SAFE-Stat
ECMC_TEST_PREFIX:#m0s137-VOLTAGE-Stat
ECMC_TEST_PREFIX:#m0s139-AI01-Stat
ECMC_TEST_PREFIX:#m0s139-AI02-Stat
ECMC_TEST_PREFIX:#m0s139-AI03-Stat
ECMC_TEST_PREFIX:#m0s139-AI04-Stat
ECMC_TEST_PREFIX:#m0s140-AI01-Stat
ECMC_TEST_PREFIX:#m0s140-AI02-Stat
ECMC_TEST_PREFIX:#m0s141-AI01-Stat
ECMC_TEST_PREFIX:#m0s141-AI02-Stat
ECMC_TEST_PREFIX:#m0s141-AI03-Stat
ECMC_TEST_PREFIX:#m0s141-AI04-Stat
ECMC_TEST_PREFIX:#m0s143-AI01-Stat
ECMC_TEST_PREFIX:#m0s143-AI02-Stat
ECMC_TEST_PREFIX:#m0s143-AI03-Stat
ECMC_TEST_PREFIX:#m0s143-AI04-Stat
ECMC_TEST_PREFIX:#m0s144-AI01-Stat
ECMC_TEST_PREFIX:#m0s144-AI02-Stat
ECMC_TEST_PREFIX:#m0s144-AI03-Stat
ECMC_TEST_PREFIX:#m0s144-AI04-Stat
ECMC_TEST_PREFIX:#m0s146-AI01-Stat
ECMC_TEST_PREFIX:#m0s146-AI02-Stat
ECMC_TEST_PREFIX:#m0s146-AI01-Ctrl-RB
ECMC_TEST_PREFIX:#m0s146-AI02-Ctrl-RB
ECMC_TEST_PREFIX:#m0s147-AI01-Stat
ECMC_TEST_PREFIX:#m0s147-AI02-Stat
ECMC_TEST_PREFIX:#m0s148-AI01-Stat
ECMC_TEST_PREFIX:#m0s148-AI02-Stat
ECMC_TEST_PREFIX:#m0s148-AI03-Stat
ECMC_TEST_PREFIX:#m0s148-AI04-Stat
ECMC_TEST_PREFIX:#m0s149-AI01-Stat
ECMC_TEST_PREFIX:#m0s149-AI02-Stat
ECMC_TEST_PREFIX:#m0s150-AI01-Stat
ECMC_TEST_PREFIX:#m0s150-AI02-Stat
ECMC_TEST_PREFIX:#m0s150-AI03-Stat
ECMC_TEST_PREFIX:#m0s150-AI04-Stat
ECMC_TEST_PREFIX:#m0s151-AI01-Stat
ECMC_TEST_PREFIX:#m0s151-AI02-Stat
ECMC_TEST_PREFIX:#m0s151-AI03-Stat
ECMC_TEST_PREFIX:#m0s151-AI04-Stat
ECMC_TEST_PREFIX:#m0s152-AI01-Stat
ECMC_TEST_PREFIX:#m0s152-AI02-Stat
ECMC_TEST_PREFIX:#m0s153-AI01-Stat
ECMC_TEST_PREFIX:#m0s153-AI02-Stat
ECMC_TEST_PREFIX:#m0s153-AI03-Stat
ECMC_TEST_PREFIX:#m0s153-AI04-Stat
ECMC_TEST_PREFIX:#m0s153-AI05-Stat
ECMC_TEST_PREFIX:#m0s154-AI01-Stat
ECMC_TEST_PREFIX:#m0s154-AI01-Ctrl-RB
ECMC_TEST_PREFIX:#m0s155-AI01-Stat
ECMC_TEST_PREFIX:#m0s155-AI02-Stat
ECMC_TEST_PREFIX:#m0s155-AI03-Stat
ECMC_TEST_PREFIX:#m0s155-AI04-Stat
ECMC_TEST_PREFIX:#m0s156-AI01-Stat
ECMC_TEST_PREFIX:#m0s156-AI02-Stat
ECMC_TEST_PREFIX:#m0s156-AI03-Stat
ECMC_TEST_PREFIX:#m0s156-AI04-Stat
ECMC_TEST_PREFIX:#m0s156-AI05-Stat
ECMC_TEST_PREFIX:#m0s156-AI06-Stat
ECMC_TEST_PREFIX:#m0s156-AI07-Stat
ECMC_TEST_PREFIX:#m0s156-AI08-Stat
ECMC_TEST_PREFIX:#m0s157-AI01-Stat
ECMC_TEST_PREFIX:#m0s157-AI02-Stat
ECMC_TEST_PREFIX:#m0s157-AI03-Stat
ECMC_TEST_PREFIX:#m0s157-AI04-Stat
ECMC_TEST_PREFIX:#m0s157-AI01-Ctrl-RB
ECMC_TEST_PREFIX:#m0s157-AI02-Ctrl-RB
ECMC_TEST_PREFIX:#m0s157-AI03-Ctrl-RB
ECMC_TEST_PREFIX:#m0s157-AI04-Ctrl-RB
ECMC_TEST_PREFIX:#m0s158-AI01-Stat
ECMC_TEST_PREFIX:#m0s158-AI02-Stat
ECMC_TEST_PREFIX:#m0s158-AI03-Stat
ECMC_TEST_PREFIX:#m0s158-AI04-Stat
ECMC_TEST_PREFIX:#m0s159-AI01-Stat
ECMC_TEST_PREFIX:#m0s159-AI02-Stat
ECMC_TEST_PREFIX:#m0s159-AI03-Stat
ECMC_TEST_PREFIX:#m0s159-AI04-Stat
ECMC_TEST_PREFIX:#m0s161-AI01-Stat
ECMC_TEST_PREFIX:#m0s161-AI02-Stat
ECMC_TEST_PREFIX:#m0s161-AI03-Stat
ECMC_TEST_PREFIX:#m0s161-AI04-Stat
ECMC_TEST_PREFIX:#m0s162-AI01-Stat
ECMC_TEST_PREFIX:#m0s162-AI02-Stat
ECMC_TEST_PREFIX:#m0s162-AI03-Stat
ECMC_TEST_PREFIX:#m0s162-AI04-Stat
ECMC_TEST_PREFIX:#m0s164-AI01-Stat
ECMC_TEST_PREFIX:#m0s164-AI02-Stat
ECMC_TEST_PREFIX:#m0s165-AI01-Stat
ECMC_TEST_PREFIX:#m0s165-AI02-Stat
ECMC_TEST_PREFIX:#m0s165-AI03-Stat
ECMC_TEST_PREFIX:#m0s165-AI04-Stat
ECMC_TEST_PREFIX:#m0s165-AI01-Ctrl-RB
ECMC_TEST_PREFIX:#m0s165-AI02-Ctrl-RB
ECMC_TEST_PREFIX:#m0s165-AI03-Ctrl-RB
ECMC_TEST_PREFIX:#m0s165-AI04-Ctrl-RB
ECMC_TEST_PREFIX:#m0s166-AI01-Stat
ECMC_TEST_PREFIX:#m0s166-AI02-Stat
ECMC_TEST_PREFIX:#m0s167-AI01-Stat
ECMC_TEST_PREFIX:#m0s167-AI02-Stat
ECMC_TEST_PREFIX:#m0s167-AI03-Stat
ECMC_TEST_PREFIX:#m0s167-AI04-Stat
ECMC_TEST_PREFIX:#m0s168-AI01-Stat
ECMC_TEST_PREFIX:#m0s168-AI02-Stat
ECMC_TEST_PREFIX:#m0s168-AI03-Stat
ECMC_TEST_PREFIX:#m0s168-AI04-Stat
ECMC_TEST_PREFIX:#m0s169-AI01-Stat
ECMC_TEST_PREFIX:#m0s169-AI02-Stat
ECMC_TEST_PREFIX:#m0s178-Enc01-Stat
ECMC_TEST_PREFIX:#m0s178-Enc02-Stat
ECMC_TEST_PREFIX:#m0s179-Enc01-Stat
ECMC_TEST_PREFIX:#m0s180-Enc01-Stat
ECMC_TEST_PREFIX:#m0s180-Enc02-Stat
ECMC_TEST_PREFIX:#m0s181-Enc01-Stat
ECMC_TEST_PREFIX:#m0s182-Enc01-Stat
ECMC_TEST_PREFIX:#m0s183-Enc01-Stat
ECMC_TEST_PREFIX:#m0s184-Enc01-Stat
ECMC_TEST_PREFIX:#m0s186-Ch01-Stat_
ECMC_TEST_PREFIX:#m0s186-Ch02-Stat_
ECMC_TEST_PREFIX:#m0s189-Ch01-Stat_
ECMC_TEST_PREFIX:#m0s189-Ch02-Stat_
ECMC_TEST_PREFIX:#m0s191-Drv01-Stat
ECMC_TEST_PREFIX:#m0s192-Drv01-Stat
ECMC_TEST_PREFIX:#m0s193-Drv01-Stat
ECMC_TEST_PREFIX:#m0s194-Drv01-Stat
ECMC_TEST_PREFIX:#m0s195-Enc01-Stat
ECMC_TEST_PREFIX:#m0s196-Drv01-Stat
ECMC_TEST_PREFIX:#m0s196-Tp01-Stat
ECMC_TEST_PREFIX:#m0s197-Drv01-Stat
ECMC_TEST_PREFIX:#m0s197-Enc01-Stat
ECMC_TEST_PREFIX:#m0s198-Drv01-Stat
ECMC_TEST_PREFIX:#m0s199-Drv01-Stat
ECMC_TEST_PREFIX:#m0s199-Enc01-Stat
ECMC_TEST_PREFIX:#m0s200-Drv01-Stat
ECMC_TEST_PREFIX:#m0s201--Drv01-Stat
ECMC_TEST_PREFIX:#m0s201--Drv02-Stat
ECMC_TEST_PREFIX:#m0s202-Drv01-Stat
ECMC_TEST_PREFIX:#m0s203-Drv01-Stat
ECMC_TEST_PREFIX:#m0s203-Enc01-Stat
ECMC_TEST_PREFIX:#m0s204-Drv01-Stat
ECMC_TEST_PREFIX:#m0s204-Enc01-Stat
ECMC_TEST_PREFIX:#m0s205-Drv01-Stat
ECMC_TEST_PREFIX:#m0s205-Enc01-Stat
ECMC_TEST_PREFIX:#m0s206-Drv01-Stat
ECMC_TEST_PREFIX:#m0s206-Enc01-Stat
ECMC_TEST_PREFIX:#m0s207-Drv01-Stat
ECMC_TEST_PREFIX:#m0s208-Drv01-Stat
ECMC_TEST_PREFIX:#m0s209-Drv01-Stat
ECMC_TEST_PREFIX:#m0s210-Drv01-Stat
ECMC_TEST_PREFIX:#m0s211-Drv01-Stat
ECMC_TEST_PREFIX:#m0s211-Enc01-Stat
ECMC_TEST_PREFIX:#m0s212-Drv01-Stat
ECMC_TEST_PREFIX:#m0s212-Enc01-Stat
ECMC_TEST_PREFIX:#m0s214-CH01-Stat
ECMC_TEST_PREFIX:#m0s217-CH01-StatW01
ECMC_TEST_PREFIX:#m0s217-CH01-StatW02
ECMC_TEST_PREFIX:#m0s217-CH01-Ctrl_-RB
ECMC_TEST_PREFIX:#m0s217-CH02-StatW01
ECMC_TEST_PREFIX:#m0s217-CH02-StatW02
ECMC_TEST_PREFIX:#m0s217-CH02-Ctrl_-RB
ECMC_TEST_PREFIX:#m0s223-DevStat
ECMC_TEST_PREFIX:#m0s223-AccStat
ECMC_TEST_PREFIX:#m0s223-VoltUsIn-Stat
ECMC_TEST_PREFIX:#m0s223-VoltUpIn-Stat
ECMC_TEST_PREFIX:#m0s223-VoltUpOut-Stat
ECMC_TEST_PREFIX:#m0s233-Dev-Stat_
ECMC_TEST_PREFIX:#m0s234-Dev-Stat_
ECMC_TEST_PREFIX:#m0s237-Dev-Stat
ECMC_TEST_PREFIX:#m0s237-CH01-Stat
ECMC_TEST_PREFIX:#m0s237-CH02-Stat
ECMC_TEST_PREFIX:#m0s237-CH03-Stat
ECMC_TEST_PREFIX:#m0s237-CH04-Stat
ECMC_TEST_PREFIX:#m0s237-CH05-Stat
ECMC_TEST_PREFIX:#m0s237-CH06-Stat
ECMC_TEST_PREFIX:#m0s237-CH07-Stat
ECMC_TEST_PREFIX:#m0s237-CH08-Stat
ECMC_TEST_PREFIX:#m0s237-CH09-Stat
ECMC_TEST_PREFIX:#m0s237-CH10-Stat
ECMC_TEST_PREFIX:#m0s237-CH11-Stat
ECMC_TEST_PREFIX:#m0s237-CH12-Stat
ECMC_TEST_PREFIX:#m0s237-CH13-Stat
ECMC_TEST_PREFIX:#m0s237-CH14-Stat
ECMC_TEST_PREFIX:#m0s237-CH15-Stat
ECMC_TEST_PREFIX:#m0s238-Drv01-Ctrl-RB
ECMC_TEST_PREFIX:#m0s238-Drv01-Stat
ECMC_TEST_PREFIX:#m0s244-Drv01-Ctrl-RB
ECMC_TEST_PREFIX:#m0s244-Drv01-Stat
ECMC_TEST_PREFIX:#m0s244-BO01-Array-RB
ECMC_TEST_PREFIX:#m0s244-BI01-Array
ECMC_TEST_PREFIX:#m0s245-Drv01-Ctrl-RB
ECMC_TEST_PREFIX:#m0s245-Drv01-Stat
ECMC_TEST_PREFIX:#m0s245-BO01-Array-RB
ECMC_TEST_PREFIX:#m0s245-BI01-Array
ECMC_TEST_PREFIX:#m0s245-Stat_
ECMC_TEST_PREFIX:Axis10-Stat_
ECMC_TEST_PREFIX:m0-Stat_
ECMC_TEST_PREFIX:m0-Dom-Stat_
ECMC_TEST_PREFIX:#m0s123-AO01
ECMC_TEST_PREFIX:#m0s123-AO02
ECMC_TEST_PREFIX:#m0s126-Dev-StartTime
ECMC_TEST_PREFIX:#m0s127-Drv01-VeloSet
ECMC_TEST_PREFIX:#m0s127-Enc01-PosVal
ECMC_TEST_PREFIX:#m0s136-Drv01-VeloSet
ECMC_TEST_PREFIX:#m0s136-Drv02-VeloSet
ECMC_TEST_PREFIX:#m0s136-Enc01-PosVal
ECMC_TEST_PREFIX:#m0s136-Enc02-PosVal
ECMC_TEST_PREFIX:#m0s170-AO01
ECMC_TEST_PREFIX:#m0s170-AO02
ECMC_TEST_PREFIX:#m0s171-AO01
ECMC_TEST_PREFIX:#m0s171-AO02
ECMC_TEST_PREFIX:#m0s172-AO01
ECMC_TEST_PREFIX:#m0s172-AO02
ECMC_TEST_PREFIX:#m0s173-AO01
ECMC_TEST_PREFIX:#m0s173-AO02
ECMC_TEST_PREFIX:#m0s173-AO03
ECMC_TEST_PREFIX:#m0s173-AO04
ECMC_TEST_PREFIX:#m0s175-AO01
ECMC_TEST_PREFIX:#m0s175-AO02
ECMC_TEST_PREFIX:#m0s175-AO03
ECMC_TEST_PREFIX:#m0s175-AO04
ECMC_TEST_PREFIX:#m0s176-AO01
ECMC_TEST_PREFIX:#m0s176-AO02
ECMC_TEST_PREFIX:#m0s176-AO03
ECMC_TEST_PREFIX:#m0s176-AO04
ECMC_TEST_PREFIX:#m0s177-AO01
ECMC_TEST_PREFIX:#m0s177-AO02
ECMC_TEST_PREFIX:#m0s179-Enc01-Cmd
ECMC_TEST_PREFIX:#m0s179-Enc01-PosCmd
ECMC_TEST_PREFIX:#m0s182-Enc01-Cmd
ECMC_TEST_PREFIX:#m0s182-Enc01-PosCmd
ECMC_TEST_PREFIX:#m0s183-Enc01-Cmd
ECMC_TEST_PREFIX:#m0s183-Enc01-PosCmd
ECMC_TEST_PREFIX:#m0s190-Ch01-Val
ECMC_TEST_PREFIX:#m0s190-Ch02-Val
ECMC_TEST_PREFIX:#m0s191-Drv01-Cmd
ECMC_TEST_PREFIX:#m0s191-Drv01-Spd
ECMC_TEST_PREFIX:#m0s192-Drv01-Cmd
ECMC_TEST_PREFIX:#m0s192-Drv01-PosCmd
ECMC_TEST_PREFIX:#m0s193-Drv01-Cmd
ECMC_TEST_PREFIX:#m0s193-Drv01-Spd
ECMC_TEST_PREFIX:#m0s194-Drv01-Cmd
ECMC_TEST_PREFIX:#m0s194-Drv01-PosCmd
ECMC_TEST_PREFIX:#m0s195-Enc01-Cmd
ECMC_TEST_PREFIX:#m0s195-Enc01-PosCmd
ECMC_TEST_PREFIX:#m0s196-Drv01-Cmd
ECMC_TEST_PREFIX:#m0s196-Drv01-Spd
ECMC_TEST_PREFIX:#m0s197-Drv01-Cmd
ECMC_TEST_PREFIX:#m0s197-Drv01-PosCmd
ECMC_TEST_PREFIX:#m0s197-Enc01-Cmd
ECMC_TEST_PREFIX:#m0s197-Enc01-PosCmd
ECMC_TEST_PREFIX:#m0s198-Drv01-Cmd
ECMC_TEST_PREFIX:#m0s198-Drv01-Spd
ECMC_TEST_PREFIX:#m0s199-Drv01-Cmd
ECMC_TEST_PREFIX:#m0s199-Drv01-Spd
ECMC_TEST_PREFIX:#m0s199-Enc01-Cmd
ECMC_TEST_PREFIX:#m0s199-Enc01-PosCmd
ECMC_TEST_PREFIX:#m0s200-Drv01-Cmd
ECMC_TEST_PREFIX:#m0s200-Drv01-PosCmd
ECMC_TEST_PREFIX:#m0s201--Drv01-Cmd
ECMC_TEST_PREFIX:#m0s201--Drv01-Spd
ECMC_TEST_PREFIX:#m0s201--Drv02-Cmd
ECMC_TEST_PREFIX:#m0s201--Drv02-Spd
ECMC_TEST_PREFIX:#m0s202-Drv01-Cmd
ECMC_TEST_PREFIX:#m0s202-Drv01-Spd
ECMC_TEST_PREFIX:#m0s203-Drv01-Cmd
ECMC_TEST_PREFIX:#m0s203-Drv01-Spd
ECMC_TEST_PREFIX:#m0s203-Enc01-Cmd
ECMC_TEST_PREFIX:#m0s203-Enc01-PosCmd
ECMC_TEST_PREFIX:#m0s204-Drv01-Cmd
ECMC_TEST_PREFIX:#m0s204-Drv01-Spd
ECMC_TEST_PREFIX:#m0s204-Enc01-Cmd
ECMC_TEST_PREFIX:#m0s204-Enc01-PosCmd
ECMC_TEST_PREFIX:#m0s205-Enc01-Count
ECMC_TEST_PREFIX:#m0s205-Pos01-Ctrl
ECMC_TEST_PREFIX:#m0s205-Pos01-PosCmd
ECMC_TEST_PREFIX:#m0s205-Pos01-VelCmd
ECMC_TEST_PREFIX:#m0s205-Pos01-StartType
ECMC_TEST_PREFIX:#m0s205-Pos01-AccCmd
ECMC_TEST_PREFIX:#m0s205-Pos01-DecCmd
ECMC_TEST_PREFIX:#m0s205-Drv01-Ctrl
ECMC_TEST_PREFIX:#m0s205-Enc01-Cmd
ECMC_TEST_PREFIX:#m0s206-Drv01-Cmd
ECMC_TEST_PREFIX:#m0s206-Drv01-Spd
ECMC_TEST_PREFIX:#m0s206-Enc01-Cmd
ECMC_TEST_PREFIX:#m0s206-Enc01-PosCmd
ECMC_TEST_PREFIX:#m0s207-Drv01-Cmd
ECMC_TEST_PREFIX:#m0s207-Drv01-Spd
ECMC_TEST_PREFIX:#m0s208-Drv01-Cmd
ECMC_TEST_PREFIX:#m0s208-Drv01-Spd
ECMC_TEST_PREFIX:#m0s209-Drv01-Cmd
ECMC_TEST_PREFIX:#m0s209-Drv01-Spd
ECMC_TEST_PREFIX:#m0s210-Drv01-Cmd
ECMC_TEST_PREFIX:#m0s210-Drv01-PosCmd
ECMC_TEST_PREFIX:#m0s211-Drv01-Cmd
ECMC_TEST_PREFIX:#m0s211-Drv01-Spd
ECMC_TEST_PREFIX:#m0s211-Enc01-Cmd
ECMC_TEST_PREFIX:#m0s211-Enc01-PosCmd
ECMC_TEST_PREFIX:#m0s212-Drv01-Cmd
ECMC_TEST_PREFIX:#m0s212-Drv01-Spd
ECMC_TEST_PREFIX:#m0s212-Enc01-Cmd
ECMC_TEST_PREFIX:#m0s212-Enc01-PosCmd
ECMC_TEST_PREFIX:#m0s238-Drv01-VeloSet
ECMC_TEST_PREFIX:#m0s244-Drv01-VeloSet
ECMC_TEST_PREFIX:#m0s245-Drv01-VeloSet
ECMC_TEST_PREFIX:Axis10-OFF_
ECMC_TEST_PREFIX:Axis10-MRES_
ECMC_TEST_PREFIX:Axis10-HomPos
ECMC_TEST_PREFIX:Axis10-VelToHom
ECMC_TEST_PREFIX:Axis10-VelFrmHom
ECMC_TEST_PREFIX:Axis10-AccHom
REQMOD:ecmc-debian-tes-31954:MODULES
REQMOD:ecmc-debian-tes-31954:VERSIONS
REQMOD:ecmc-debian-tes-31954:MOD_VER
ECMC_TEST_PREFIX:#m0s142-AI01-Array
ECMC_TEST_PREFIX:#m0s142-AI02-Array
ECMC_TEST_PREFIX:#m0s146-AI01-Array
ECMC_TEST_PREFIX:#m0s146-AI02-Array
ECMC_TEST_PREFIX:#m0s147-AI01-Array
ECMC_TEST_PREFIX:#m0s147-AI02-Array
ECMC_TEST_PREFIX:#m0s154-AI01-Array
ECMC_TEST_PREFIX:#m0s157-AI01-Array
ECMC_TEST_PREFIX:#m0s157-AI02-Array
ECMC_TEST_PREFIX:#m0s157-AI03-Array
ECMC_TEST_PREFIX:#m0s157-AI04-Array
ECMC_TEST_PREFIX:#m0s160-AI01-Array
ECMC_TEST_PREFIX:#m0s160-AI02-Array
ECMC_TEST_PREFIX:#m0s165-AI01-Array
ECMC_TEST_PREFIX:#m0s165-AI02-Array
ECMC_TEST_PREFIX:#m0s165-AI03-Array
ECMC_TEST_PREFIX:#m0s165-AI04-Array
ECMC_TEST_PREFIX:#m0s174-AO01-Array
ECMC_TEST_PREFIX:#m0s174-AO02-Array
ECMC_TEST_PREFIX:#m0s179-Enc01-PosAct-Array
ECMC_TEST_PREFIX:#m0s186-Ch01-ArrayIn
ECMC_TEST_PREFIX:#m0s186-Ch01-ArrayOut
ECMC_TEST_PREFIX:#m0s186-Ch02-ArrayIn
ECMC_TEST_PREFIX:#m0s186-Ch02-ArrayOut
ECMC_TEST_PREFIX:#m0s189-Ch01-ArrayIn
ECMC_TEST_PREFIX:#m0s189-Ch01-ArrayOut
ECMC_TEST_PREFIX:#m0s189-Ch02-ArrayIn
ECMC_TEST_PREFIX:#m0s189-Ch02-ArrayOut
ECMC_TEST_PREFIX:Axis10-Array-Stat
ECMC_TEST_PREFIX:Axis10-PLC-Expr-RB
ECMC_TEST_PREFIX:MCU-ErrMsg
ECMC_TEST_PREFIX:MCU-Updated
ECMC_TEST_PREFIX:#m0s100-Enc01-PosErr
ECMC_TEST_PREFIX:#m0s100-Enc01-CdeState
ECMC_TEST_PREFIX:#m0s100-Enc01-FreqEx
ECMC_TEST_PREFIX:#m0s100-Enc01-LghtCrtlRes
ECMC_TEST_PREFIX:#m0s100-Enc01-BatCharge
ECMC_TEST_PREFIX:#m0s101-BI01
ECMC_TEST_PREFIX:#m0s101-BI02
ECMC_TEST_PREFIX:#m0s101-BI03
ECMC_TEST_PREFIX:#m0s101-BI04
ECMC_TEST_PREFIX:#m0s101-BI05
ECMC_TEST_PREFIX:#m0s101-BI06
ECMC_TEST_PREFIX:#m0s101-BI07
ECMC_TEST_PREFIX:#m0s101-BI08
ECMC_TEST_PREFIX:#m0s102-BI01
ECMC_TEST_PREFIX:#m0s102-BI02
ECMC_TEST_PREFIX:#m0s102-BI03
ECMC_TEST_PREFIX:#m0s102-BI04
ECMC_TEST_PREFIX:#m0s102-BI05
ECMC_TEST_PREFIX:#m0s102-BI06
ECMC_TEST_PREFIX:#m0s102-BI07
ECMC_TEST_PREFIX:#m0s102-BI08
ECMC_TEST_PREFIX:#m0s104-BI01
ECMC_TEST_PREFIX:#m0s104-BI02
ECMC_TEST_PREFIX:#m0s104-BI03
ECMC_TEST_PREFIX:#m0s104-BI04
ECMC_TEST_PREFIX:#m0s104-BI05
ECMC_TEST_PREFIX:#m0s104-BI06
ECMC_TEST_PREFIX:#m0s104-BI07
ECMC_TEST_PREFIX:#m0s104-BI08
ECMC_TEST_PREFIX:#m0s105-BI01
ECMC_TEST_PREFIX:#m0s105-BI02
ECMC_TEST_PREFIX:#m0s106-BI01
ECMC_TEST_PREFIX:#m0s106-BI02
ECMC_TEST_PREFIX:#m0s106-BI03
ECMC_TEST_PREFIX:#m0s106-BI04
ECMC_TEST_PREFIX:#m0s107-BI01
ECMC_TEST_PREFIX:#m0s107-BI02
ECMC_TEST_PREFIX:#m0s107-BI03
ECMC_TEST_PREFIX:#m0s107-BI04
ECMC_TEST_PREFIX:#m0s107-BI05
ECMC_TEST_PREFIX:#m0s107-BI06
ECMC_TEST_PREFIX:#m0s107-BI07
ECMC_TEST_PREFIX:#m0s107-BI08
ECMC_TEST_PREFIX:#m0s108-BI01
ECMC_TEST_PREFIX:#m0s108-BI02
ECMC_TEST_PREFIX:#m0s108-BI03
ECMC_TEST_PREFIX:#m0s108-BI04
ECMC_TEST_PREFIX:#m0s108-BI05
ECMC_TEST_PREFIX:#m0s108-BI06
ECMC_TEST_PREFIX:#m0s108-BI07
ECMC_TEST_PREFIX:#m0s108-BI08
ECMC_TEST_PREFIX:#m0s109-BI01
ECMC_TEST_PREFIX:#m0s109-BI02
ECMC_TEST_PREFIX:#m0s109-BI03
ECMC_TEST_PREFIX:#m0s109-BI04
ECMC_TEST_PREFIX:#m0s109-BI05
ECMC_TEST_PREFIX:#m0s109-BI06
ECMC_TEST_PREFIX:#m0s109-BI07
ECMC_TEST_PREFIX:#m0s109-BI08
ECMC_TEST_PREFIX:#m0s109-BI09
ECMC_TEST_PREFIX:#m0s109-BI10
ECMC_TEST_PREFIX:#m0s109-BI11
ECMC_TEST_PREFIX:#m0s109-BI12
ECMC_TEST_PREFIX:#m0s109-BI13
ECMC_TEST_PREFIX:#m0s109-BI14
ECMC_TEST_PREFIX:#m0s109-BI15
ECMC_TEST_PREFIX:#m0s109-BI16
ECMC_TEST_PREFIX:#m0s110-BI01
ECMC_TEST_PREFIX:#m0s110-BI02
ECMC_TEST_PREFIX:#m0s110-BI03
ECMC_TEST_PREFIX:#m0s110-BI04
ECMC_TEST_PREFIX:#m0s111-BI01
ECMC_TEST_PREFIX:#m0s111-BI02
ECMC_TEST_PREFIX:#m0s111-BI03
ECMC_TEST_PREFIX:#m0s111-BI04
ECMC_TEST_PREFIX:#m0s111-BI05
ECMC_TEST_PREFIX:#m0s111-BI06
ECMC_TEST_PREFIX:#m0s111-BI07
ECMC_TEST_PREFIX:#m0s111-BI08
ECMC_TEST_PREFIX:#m0s112-BI01
ECMC_TEST_PREFIX:#m0s112-BI02
ECMC_TEST_PREFIX:#m0s112-BI03
ECMC_TEST_PREFIX:#m0s112-BI04
ECMC_TEST_PREFIX:#m0s112-BI05
ECMC_TEST_PREFIX:#m0s112-BI06
ECMC_TEST_PREFIX:#m0s112-BI07
ECMC_TEST_PREFIX:#m0s112-BI08
ECMC_TEST_PREFIX:#m0s113-BI01
ECMC_TEST_PREFIX:#m0s113-BI02
ECMC_TEST_PREFIX:#m0s113-BI03
ECMC_TEST_PREFIX:#m0s113-BI04
ECMC_TEST_PREFIX:#m0s113-BI05
ECMC_TEST_PREFIX:#m0s113-BI06
ECMC_TEST_PREFIX:#m0s113-BI07
ECMC_TEST_PREFIX:#m0s113-BI08
ECMC_TEST_PREFIX:#m0s113-BI09
ECMC_TEST_PREFIX:#m0s113-BI10
ECMC_TEST_PREFIX:#m0s113-BI11
ECMC_TEST_PREFIX:#m0s113-BI12
ECMC_TEST_PREFIX:#m0s113-BI13
ECMC_TEST_PREFIX:#m0s113-BI14
ECMC_TEST_PREFIX:#m0s113-BI15
ECMC_TEST_PREFIX:#m0s113-BI16
ECMC_TEST_PREFIX:#m0s114-BI01
ECMC_TEST_PREFIX:#m0s114-BI02
ECMC_TEST_PREFIX:#m0s114-BI03
ECMC_TEST_PREFIX:#m0s114-BI04
ECMC_TEST_PREFIX:#m0s115-BI01
ECMC_TEST_PREFIX:#m0s115-BI02
ECMC_TEST_PREFIX:#m0s115-BI03
ECMC_TEST_PREFIX:#m0s115-BI04
ECMC_TEST_PREFIX:#m0s116-BI01
ECMC_TEST_PREFIX:#m0s116-BI02
ECMC_TEST_PREFIX:#m0s116-BI03
ECMC_TEST_PREFIX:#m0s116-BI04
ECMC_TEST_PREFIX:#m0s117-BO01-RB
ECMC_TEST_PREFIX:#m0s117-BO02-RB
ECMC_TEST_PREFIX:#m0s117-BO03-RB
ECMC_TEST_PREFIX:#m0s117-BO04-RB
ECMC_TEST_PREFIX:#m0s117-BI01
ECMC_TEST_PREFIX:#m0s117-BI02
ECMC_TEST_PREFIX:#m0s117-BI03
ECMC_TEST_PREFIX:#m0s117-BI04
ECMC_TEST_PREFIX:#m0s118-BO01-RB
ECMC_TEST_PREFIX:#m0s118-BO02-RB
ECMC_TEST_PREFIX:#m0s118-BO03-RB
ECMC_TEST_PREFIX:#m0s118-BO04-RB
ECMC_TEST_PREFIX:#m0s119-BO01-RB
ECMC_TEST_PREFIX:#m0s119-BO02-RB
ECMC_TEST_PREFIX:#m0s119-BO03-RB
ECMC_TEST_PREFIX:#m0s119-BO04-RB
ECMC_TEST_PREFIX:#m0s119-BO05-RB
ECMC_TEST_PREFIX:#m0s119-BO06-RB
ECMC_TEST_PREFIX:#m0s119-BO07-RB
ECMC_TEST_PREFIX:#m0s119-BO08-RB
ECMC_TEST_PREFIX:#m0s120-BO01-RB
ECMC_TEST_PREFIX:#m0s120-BO02-RB
ECMC_TEST_PREFIX:#m0s120-BO03-RB
ECMC_TEST_PREFIX:#m0s120-BO04-RB
ECMC_TEST_PREFIX:#m0s120-BO05-RB
ECMC_TEST_PREFIX:#m0s120-BO06-RB
ECMC_TEST_PREFIX:#m0s120-BO07-RB
ECMC_TEST_PREFIX:#m0s120-BO08-RB
ECMC_TEST_PREFIX:#m0s120-DIAG01
ECMC_TEST_PREFIX:#m0s120-DIAG02
ECMC_TEST_PREFIX:#m0s120-DIAG03
ECMC_TEST_PREFIX:#m0s120-DIAG04
ECMC_TEST_PREFIX:#m0s120-DIAG05
ECMC_TEST_PREFIX:#m0s120-DIAG06
ECMC_TEST_PREFIX:#m0s120-DIAG07
ECMC_TEST_PREFIX:#m0s120-DIAG08
ECMC_TEST_PREFIX:#m0s121-BO01-RB
ECMC_TEST_PREFIX:#m0s121-BO02-RB
ECMC_TEST_PREFIX:#m0s121-BO03-RB
ECMC_TEST_PREFIX:#m0s121-BO04-RB
ECMC_TEST_PREFIX:#m0s121-BO05-RB
ECMC_TEST_PREFIX:#m0s121-BO06-RB
ECMC_TEST_PREFIX:#m0s121-BO07-RB
ECMC_TEST_PREFIX:#m0s121-BO08-RB
ECMC_TEST_PREFIX:#m0s122-BO01-RB
ECMC_TEST_PREFIX:#m0s122-BO02-RB
ECMC_TEST_PREFIX:#m0s124-BO01-RB
ECMC_TEST_PREFIX:#m0s124-BO02-RB
ECMC_TEST_PREFIX:#m0s124-BO03-RB
ECMC_TEST_PREFIX:#m0s124-BO04-RB
ECMC_TEST_PREFIX:#m0s125-BO01-RB
ECMC_TEST_PREFIX:#m0s125-BO02-RB
ECMC_TEST_PREFIX:#m0s126-BO01-RB
ECMC_TEST_PREFIX:#m0s126-BO02-RB
ECMC_TEST_PREFIX:#m0s126-BO01-TriState-RB
ECMC_TEST_PREFIX:#m0s126-BO02-TriState-RB
ECMC_TEST_PREFIX:#m0s127-Drv01-ErrAlrm
ECMC_TEST_PREFIX:#m0s127-Drv01-SyncErrAlrm
ECMC_TEST_PREFIX:#m0s127-Enc01-SyncErrAlrm
ECMC_TEST_PREFIX:#m0s128-BO01-RB
ECMC_TEST_PREFIX:#m0s128-BO02-RB
ECMC_TEST_PREFIX:#m0s128-BO03-RB
ECMC_TEST_PREFIX:#m0s128-BO04-RB
ECMC_TEST_PREFIX:#m0s128-BO05-RB
ECMC_TEST_PREFIX:#m0s128-BO06-RB
ECMC_TEST_PREFIX:#m0s128-BO07-RB
ECMC_TEST_PREFIX:#m0s128-BO08-RB
ECMC_TEST_PREFIX:#m0s129-BO01-RB
ECMC_TEST_PREFIX:#m0s129-BO02-RB
ECMC_TEST_PREFIX:#m0s129-BO03-RB
ECMC_TEST_PREFIX:#m0s129-BO04-RB
ECMC_TEST_PREFIX:#m0s130-BO01-RB
ECMC_TEST_PREFIX:#m0s130-BO02-RB
ECMC_TEST_PREFIX:#m0s130-BO03-RB
ECMC_TEST_PREFIX:#m0s130-BO04-RB
ECMC_TEST_PREFIX:#m0s131-BO01-RB
ECMC_TEST_PREFIX:#m0s131-BO02-RB
ECMC_TEST_PREFIX:#m0s131-BO03-RB
ECMC_TEST_PREFIX:#m0s131-BO04-RB
ECMC_TEST_PREFIX:#m0s131-BO05-RB
ECMC_TEST_PREFIX:#m0s131-BO06-RB
ECMC_TEST_PREFIX:#m0s131-BO07-RB
ECMC_TEST_PREFIX:#m0s131-BO08-RB
ECMC_TEST_PREFIX:#m0s132-BO01-RB
ECMC_TEST_PREFIX:#m0s132-BO02-RB
ECMC_TEST_PREFIX:#m0s132-BO03-RB
ECMC_TEST_PREFIX:#m0s132-BO04-RB
ECMC_TEST_PREFIX:#m0s132-BO05-RB
ECMC_TEST_PREFIX:#m0s132-BO06-RB
ECMC_TEST_PREFIX:#m0s132-BO07-RB
ECMC_TEST_PREFIX:#m0s132-BO08-RB
ECMC_TEST_PREFIX:#m0s132-BO09-RB
ECMC_TEST_PREFIX:#m0s132-BO10-RB
ECMC_TEST_PREFIX:#m0s132-BO11-RB
ECMC_TEST_PREFIX:#m0s132-BO12-RB
ECMC_TEST_PREFIX:#m0s132-BO13-RB
ECMC_TEST_PREFIX:#m0s132-BO14-RB
ECMC_TEST_PREFIX:#m0s132-BO15-RB
ECMC_TEST_PREFIX:#m0s132-BO16-RB
ECMC_TEST_PREFIX:#m0s132-BO01-OvrTmpAlrm
ECMC_TEST_PREFIX:#m0s132-BO01-OpnLdAlrm
ECMC_TEST_PREFIX:#m0s132-BO01-OvrCurrAlrm
ECMC_TEST_PREFIX:#m0s132-BO01-ShrtCircAlrm
ECMC_TEST_PREFIX:#m0s132-BO02-OvrTmpAlrm
ECMC_TEST_PREFIX:#m0s132-BO02-OpnLdAlrm
ECMC_TEST_PREFIX:#m0s132-BO02-OvrCurrAlrm
ECMC_TEST_PREFIX:#m0s132-BO02-ShrtCircAlrm
ECMC_TEST_PREFIX:#m0s132-BO03-OvrTmpAlrm
ECMC_TEST_PREFIX:#m0s132-BO03-OpnLdAlrm
ECMC_TEST_PREFIX:#m0s132-BO03-OvrCurrAlrm
ECMC_TEST_PREFIX:#m0s132-BO03-ShrtCircAlrm
ECMC_TEST_PREFIX:#m0s132-BO04-OvrTmpAlrm
ECMC_TEST_PREFIX:#m0s132-BO04-OpnLdAlrm
ECMC_TEST_PREFIX:#m0s132-BO04-OvrCurrAlrm
ECMC_TEST_PREFIX:#m0s132-BO04-ShrtCircAlrm
ECMC_TEST_PREFIX:#m0s132-BO05-OvrTmpAlrm
ECMC_TEST_PREFIX:#m0s132-BO05-OpnLdAlrm
ECMC_TEST_PREFIX:#m0s132-BO05-OvrCurrAlrm
ECMC_TEST_PREFIX:#m0s132-BO05-ShrtCircAlrm
ECMC_TEST_PREFIX:#m0s132-BO06-OvrTmpAlrm
ECMC_TEST_PREFIX:#m0s132-BO06-OpnLdAlrm
ECMC_TEST_PREFIX:#m0s132-BO06-OvrCurrAlrm
ECMC_TEST_PREFIX:#m0s132-BO06-ShrtCircAlrm
ECMC_TEST_PREFIX:#m0s132-BO07-OvrTmpAlrm
ECMC_TEST_PREFIX:#m0s132-BO07-OpnLdAlrm
ECMC_TEST_PREFIX:#m0s132-BO07-OvrCurrAlrm
ECMC_TEST_PREFIX:#m0s132-BO07-ShrtCircAlrm
ECMC_TEST_PREFIX:#m0s132-BO08-OvrTmpAlrm
ECMC_TEST_PREFIX:#m0s132-BO08-OpnLdAlrm
ECMC_TEST_PREFIX:#m0s132-BO08-OvrCurrAlrm
ECMC_TEST_PREFIX:#m0s132-BO08-ShrtCircAlrm
ECMC_TEST_PREFIX:#m0s132-BO09-OvrTmpAlrm
ECMC_TEST_PREFIX:#m0s132-BO09-OpnLdAlrm
ECMC_TEST_PREFIX:#m0s132-BO09-OvrCurrAlrm
ECMC_TEST_PREFIX:#m0s132-BO09-ShrtCircAlrm
ECMC_TEST_PREFIX:#m0s132-BO10-OvrTmpAlrm
ECMC_TEST_PREFIX:#m0s132-BO10-OpnLdAlrm
ECMC_TEST_PREFIX:#m0s132-BO10-OvrCurrAlrm
ECMC_TEST_PREFIX:#m0s132-BO10-ShrtCircAlrm
ECMC_TEST_PREFIX:#m0s132-BO11-OvrTmpAlrm
ECMC_TEST_PREFIX:#m0s132-BO11-OpnLdAlrm
ECMC_TEST_PREFIX:#m0s132-BO11-OvrCurrAlrm
ECMC_TEST_PREFIX:#m0s132-BO11-ShrtCircAlrm
ECMC_TEST_PREFIX:#m0s132-BO12-OvrTmpAlrm
ECMC_TEST_PREFIX:#m0s132-BO12-OpnLdAlrm
ECMC_TEST_PREFIX:#m0s132-BO12-OvrCurrAlrm
ECMC_TEST_PREFIX:#m0s132-BO12-ShrtCircAlrm
ECMC_TEST_PREFIX:#m0s132-BO13-OvrTmpAlrm
ECMC_TEST_PREFIX:#m0s132-BO13-OpnLdAlrm
ECMC_TEST_PREFIX:#m0s132-BO13-OvrCurrAlrm
ECMC_TEST_PREFIX:#m0s132-BO13-ShrtCircAlrm
ECMC_TEST_PREFIX:#m0s132-BO14-OvrTmpAlrm
ECMC_TEST_PREFIX:#m0s132-BO14-OpnLdAlrm
ECMC_TEST_PREFIX:#m0s132-BO14-OvrCurrAlrm
ECMC_TEST_PREFIX:#m0s132-BO14-ShrtCircAlrm
ECMC_TEST_PREFIX:#m0s132-BO15-OvrTmpAlrm
ECMC_TEST_PREFIX:#m0s132-BO15-OpnLdAlrm
ECMC_TEST_PREFIX:#m0s132-BO15-OvrCurrAlrm
ECMC_TEST_PREFIX:#m0s132-BO15-ShrtCircAlrm
ECMC_TEST_PREFIX:#m0s132-BO16-OvrTmpAlrm
ECMC_TEST_PREFIX:#m0s132-BO16-OpnLdAlrm
ECMC_TEST_PREFIX:#m0s132-BO16-OvrCurrAlrm
ECMC_TEST_PREFIX:#m0s132-BO16-ShrtCircAlrm
ECMC_TEST_PREFIX:#m0s133-BO01-RB
ECMC_TEST_PREFIX:#m0s133-BO02-RB
ECMC_TEST_PREFIX:#m0s133-BO03-RB
ECMC_TEST_PREFIX:#m0s133-BO04-RB
ECMC_TEST_PREFIX:#m0s134-BO01-RB
ECMC_TEST_PREFIX:#m0s134-BO02-RB
ECMC_TEST_PREFIX:#m0s134-BO03-RB
ECMC_TEST_PREFIX:#m0s134-BO04-RB
ECMC_TEST_PREFIX:#m0s134-BO01-OvrTmpAlrm
ECMC_TEST_PREFIX:#m0s134-BO01-OpnLdAlrm
ECMC_TEST_PREFIX:#m0s134-BO01-OvrCurrAlrm
ECMC_TEST_PREFIX:#m0s134-BO01-ShrtCircAlrm
ECMC_TEST_PREFIX:#m0s134-BO02-OvrTmpAlrm
ECMC_TEST_PREFIX:#m0s134-BO02-OpnLdAlrm
ECMC_TEST_PREFIX:#m0s134-BO02-OvrCurrAlrm
ECMC_TEST_PREFIX:#m0s134-BO02-ShrtCircAlrm
ECMC_TEST_PREFIX:#m0s134-BO03-OvrTmpAlrm
ECMC_TEST_PREFIX:#m0s134-BO03-OpnLdAlrm
ECMC_TEST_PREFIX:#m0s134-BO03-OvrCurrAlrm
ECMC_TEST_PREFIX:#m0s134-BO03-ShrtCircAlrm
ECMC_TEST_PREFIX:#m0s134-BO04-OvrTmpAlrm
ECMC_TEST_PREFIX:#m0s134-BO04-OpnLdAlrm
ECMC_TEST_PREFIX:#m0s134-BO04-OvrCurrAlrm
ECMC_TEST_PREFIX:#m0s134-BO04-ShrtCircAlrm
ECMC_TEST_PREFIX:#m0s135-BO01-RB
ECMC_TEST_PREFIX:#m0s135-BO02-RB
ECMC_TEST_PREFIX:#m0s135-BO03-RB
ECMC_TEST_PREFIX:#m0s135-BO04-RB
ECMC_TEST_PREFIX:#m0s135-BO05-RB
ECMC_TEST_PREFIX:#m0s135-BO06-RB
ECMC_TEST_PREFIX:#m0s135-BO07-RB
ECMC_TEST_PREFIX:#m0s135-BO08-RB
ECMC_TEST_PREFIX:#m0s136-Drv01-ErrAlrm
ECMC_TEST_PREFIX:#m0s136-Drv01-SyncErrAlrm
ECMC_TEST_PREFIX:#m0s136-Drv02-ErrAlrm
ECMC_TEST_PREFIX:#m0s136-Drv02-SyncErrAlrm
ECMC_TEST_PREFIX:#m0s136-Enc01-SyncErrAlrm
ECMC_TEST_PREFIX:#m0s136-Enc02-SyncErrAlrm
ECMC_TEST_PREFIX:#m0s137-AI01-UndrLimAlrm
ECMC_TEST_PREFIX:#m0s137-AI01-OvrLimAlrm
ECMC_TEST_PREFIX:#m0s137-AI01-ErrAlrm
ECMC_TEST_PREFIX:#m0s137-AI02-UndrLimAlrm
ECMC_TEST_PREFIX:#m0s137-AI02-OvrLimAlrm
ECMC_TEST_PREFIX:#m0s137-AI02-ErrAlrm
ECMC_TEST_PREFIX:#m0s137-AI03-UndrLimAlrm
ECMC_TEST_PREFIX:#m0s137-AI03-OvrLimAlrm
ECMC_TEST_PREFIX:#m0s137-AI03-ErrAlrm
ECMC_TEST_PREFIX:#m0s137-AI04-UndrLimAlrm
ECMC_TEST_PREFIX:#m0s137-AI04-OvrLimAlrm
ECMC_TEST_PREFIX:#m0s137-AI04-ErrAlrm
ECMC_TEST_PREFIX:#m0s139-AI01-UndrLimAlrm
ECMC_TEST_PREFIX:#m0s139-AI01-OvrLimAlrm
ECMC_TEST_PREFIX:#m0s139-AI01-ErrAlrm
ECMC_TEST_PREFIX:#m0s139-AI02-UndrLimAlrm
ECMC_TEST_PREFIX:#m0s139-AI02-OvrLimAlrm
ECMC_TEST_PREFIX:#m0s139-AI02-ErrAlrm
ECMC_TEST_PREFIX:#m0s139-AI03-UndrLimAlrm
ECMC_TEST_PREFIX:#m0s139-AI03-OvrLimAlrm
ECMC_TEST_PREFIX:#m0s139-AI03-ErrAlrm
ECMC_TEST_PREFIX:#m0s139-AI04-UndrLimAlrm
ECMC_TEST_PREFIX:#m0s139-AI04-OvrLimAlrm
ECMC_TEST_PREFIX:#m0s139-AI04-ErrAlrm
ECMC_TEST_PREFIX:#m0s140-AI01-UndrLimAlrm
ECMC_TEST_PREFIX:#m0s140-AI01-OvrLimAlrm
ECMC_TEST_PREFIX:#m0s140-AI01-ErrAlrm
ECMC_TEST_PREFIX:#m0s140-AI02-UndrLimAlrm
ECMC_TEST_PREFIX:#m0s140-AI02-OvrLimAlrm
ECMC_TEST_PREFIX:#m0s140-AI02-ErrAlrm
ECMC_TEST_PREFIX:#m0s141-AI01-UndrLimAlrm
ECMC_TEST_PREFIX:#m0s141-AI01-OvrLimAlrm
ECMC_TEST_PREFIX:#m0s141-AI01-ErrAlrm
ECMC_TEST_PREFIX:#m0s141-AI02-UndrLimAlrm
ECMC_TEST_PREFIX:#m0s141-AI02-OvrLimAlrm
ECMC_TEST_PREFIX:#m0s141-AI02-ErrAlrm
ECMC_TEST_PREFIX:#m0s141-AI03-UndrLimAlrm
ECMC_TEST_PREFIX:#m0s141-AI03-OvrLimAlrm
ECMC_TEST_PREFIX:#m0s141-AI03-ErrAlrm
ECMC_TEST_PREFIX:#m0s141-AI04-UndrLimAlrm
ECMC_TEST_PREFIX:#m0s141-AI04-OvrLimAlrm
ECMC_TEST_PREFIX:#m0s141-AI04-ErrAlrm
ECMC_TEST_PREFIX:#m0s143-AI01-UndrLimAlrm
ECMC_TEST_PREFIX:#m0s143-AI01-OvrLimAlrm
ECMC_TEST_PREFIX:#m0s143-AI01-ErrAlrm
ECMC_TEST_PREFIX:#m0s143-AI02-UndrLimAlrm
ECMC_TEST_PREFIX:#m0s143-AI02-OvrLimAlrm
ECMC_TEST_PREFIX:#m0s143-AI02-ErrAlrm
ECMC_TEST_PREFIX:#m0s143-AI03-UndrLimAlrm
ECMC_TEST_PREFIX:#m0s143-AI03-OvrLimAlrm
ECMC_TEST_PREFIX:#m0s143-AI03-ErrAlrm
ECMC_TEST_PREFIX:#m0s143-AI04-UndrLimAlrm
ECMC_TEST_PREFIX:#m0s143-AI04-OvrLimAlrm
ECMC_TEST_PREFIX:#m0s143-AI04-ErrAlrm
ECMC_TEST_PREFIX:#m0s144-AI01-UndrLimAlrm
ECMC_TEST_PREFIX:#m0s144-AI01-OvrLimAlrm
ECMC_TEST_PREFIX:#m0s144-AI01-ErrAlrm
ECMC_TEST_PREFIX:#m0s144-AI02-UndrLimAlrm
ECMC_TEST_PREFIX:#m0s144-AI02-OvrLimAlrm
ECMC_TEST_PREFIX:#m0s144-AI02-ErrAlrm
ECMC_TEST_PREFIX:#m0s144-AI03-UndrLimAlrm
ECMC_TEST_PREFIX:#m0s144-AI03-OvrLimAlrm
ECMC_TEST_PREFIX:#m0s144-AI03-ErrAlrm
ECMC_TEST_PREFIX:#m0s144-AI04-UndrLimAlrm
ECMC_TEST_PREFIX:#m0s144-AI04-OvrLimAlrm
ECMC_TEST_PREFIX:#m0s144-AI04-ErrAlrm
ECMC_TEST_PREFIX:#m0s146-AI01-UndrLimAlrm
ECMC_TEST_PREFIX:#m0s146-AI01-OvrLimAlrm
ECMC_TEST_PREFIX:#m0s146-AI01-ErrAlrm
ECMC_TEST_PREFIX:#m0s146-AI02-UndrLimAlrm
ECMC_TEST_PREFIX:#m0s146-AI02-OvrLimAlrm
ECMC_TEST_PREFIX:#m0s146-AI02-ErrAlrm
ECMC_TEST_PREFIX:#m0s147-AI01-UndrLimAlrm
ECMC_TEST_PREFIX:#m0s147-AI01-OvrLimAlrm
ECMC_TEST_PREFIX:#m0s147-AI01-ErrAlrm
ECMC_TEST_PREFIX:#m0s147-AI02-UndrLimAlrm
ECMC_TEST_PREFIX:#m0s147-AI02-OvrLimAlrm
ECMC_TEST_PREFIX:#m0s147-AI02-ErrAlrm
ECMC_TEST_PREFIX:#m0s148-AI01-UndrLimAlrm
ECMC_TEST_PREFIX:#m0s148-AI01-OvrLimAlrm
ECMC_TEST_PREFIX:#m0s148-AI01-ErrAlrm
ECMC_TEST_PREFIX:#m0s148-AI02-UndrLimAlrm
ECMC_TEST_PREFIX:#m0s148-AI02-OvrLimAlrm
ECMC_TEST_PREFIX:#m0s148-AI02-ErrAlrm
ECMC_TEST_PREFIX:#m0s148-AI03-UndrLimAlrm
ECMC_TEST_PREFIX:#m0s148-AI03-OvrLimAlrm
ECMC_TEST_PREFIX:#m0s148-AI03-ErrAlrm
ECMC_TEST_PREFIX:#m0s148-AI04-UndrLimAlrm
ECMC_TEST_PREFIX:#m0s148-AI04-OvrLimAlrm
ECMC_TEST_PREFIX:#m0s148-AI04-ErrAlrm
ECMC_TEST_PREFIX:#m0s149-AI01-UndrLimAlrm
ECMC_TEST_PREFIX:#m0s149-AI01-OvrLimAlrm
ECMC_TEST_PREFIX:#m0s149-AI01-ErrAlrm
ECMC_TEST_PREFIX:#m0s149-AI02-UndrLimAlrm
ECMC_TEST_PREFIX:#m0s149-AI02-OvrLimAlrm
ECMC_TEST_PREFIX:#m0s149-AI02-ErrAlrm
ECMC_TEST_PREFIX:#m0s150-AI01-UndrLimAlrm
ECMC_TEST_PREFIX:#m0s150-AI01-OvrLimAlrm
ECMC_TEST_PREFIX:#m0s150-AI01-ErrAlrm
ECMC_TEST_PREFIX:#m0s150-AI02-UndrLimAlrm
ECMC_TEST_PREFIX:#m0s150-AI02-OvrLimAlrm
ECMC_TEST_PREFIX:#m0s150-AI02-ErrAlrm
ECMC_TEST_PREFIX:#m0s150-AI03-UndrLimAlrm
ECMC_TEST_PREFIX:#m0s150-AI03-OvrLimAlrm
ECMC_TEST_PREFIX:#m0s150-AI03-ErrAlrm
ECMC_TEST_PREFIX:#m0s150-AI04-UndrLimAlrm
ECMC_TEST_PREFIX:#m0s150-AI04-OvrLimAlrm
ECMC_TEST_PREFIX:#m0s150-AI04-ErrAlrm
ECMC_TEST_PREFIX:#m0s151-AI01-UndrLimAlrm
ECMC_TEST_PREFIX:#m0s151-AI01-OvrLimAlrm
ECMC_TEST_PREFIX:#m0s151-AI01-ErrAlrm
ECMC_TEST_PREFIX:#m0s151-AI02-UndrLimAlrm
ECMC_TEST_PREFIX:#m0s151-AI02-OvrLimAlrm
ECMC_TEST_PREFIX:#m0s151-AI02-ErrAlrm
ECMC_TEST_PREFIX:#m0s151-AI03-UndrLimAlrm
ECMC_TEST_PREFIX:#m0s151-AI03-OvrLimAlrm
ECMC_TEST_PREFIX:#m0s151-AI03-ErrAlrm
ECMC_TEST_PREFIX:#m0s151-AI04-UndrLimAlrm
ECMC_TEST_PREFIX:#m0s151-AI04-OvrLimAlrm
ECMC_TEST_PREFIX:#m0s151-AI04-ErrAlrm
ECMC_TEST_PREFIX:#m0s152-AI01-UndrLimAlrm
ECMC_TEST_PREFIX:#m0s152-AI01-OvrLimAlrm
ECMC_TEST_PREFIX:#m0s152-AI01-ErrAlrm
ECMC_TEST_PREFIX:#m0s152-AI02-UndrLimAlrm
ECMC_TEST_PREFIX:#m0s152-AI02-OvrLimAlrm
ECMC_TEST_PREFIX:#m0s152-AI02-ErrAlrm
ECMC_TEST_PREFIX:#m0s153-AI01-UndrLimAlrm
ECMC_TEST_PREFIX:#m0s153-AI01-OvrLimAlrm
ECMC_TEST_PREFIX:#m0s153-AI01-ErrAlrm
ECMC_TEST_PREFIX:#m0s153-AI02-UndrLimAlrm
ECMC_TEST_PREFIX:#m0s153-AI02-OvrLimAlrm
ECMC_TEST_PREFIX:#m0s153-AI02-ErrAlrm
ECMC_TEST_PREFIX:#m0s153-AI03-UndrLimAlrm
ECMC_TEST_PREFIX:#m0s153-AI03-OvrLimAlrm
ECMC_TEST_PREFIX:#m0s153-AI03-ErrAlrm
ECMC_TEST_PREFIX:#m0s153-AI04-UndrLimAlrm
ECMC_TEST_PREFIX:#m0s153-AI04-OvrLimAlrm
ECMC_TEST_PREFIX:#m0s153-AI04-ErrAlrm
ECMC_TEST_PREFIX:#m0s153-AI05-UndrLimAlrm
ECMC_TEST_PREFIX:#m0s153-AI05-OvrLimAlrm
ECMC_TEST_PREFIX:#m0s153-AI05-ErrAlrm
ECMC_TEST_PREFIX:#m0s154-AI01-UndrLimAlrm
ECMC_TEST_PREFIX:#m0s154-AI01-OvrLimAlrm
ECMC_TEST_PREFIX:#m0s154-AI01-ErrAlrm
ECMC_TEST_PREFIX:#m0s155-AI01-UndrLimAlrm
ECMC_TEST_PREFIX:#m0s155-AI01-OvrLimAlrm
ECMC_TEST_PREFIX:#m0s155-AI01-ErrAlrm
ECMC_TEST_PREFIX:#m0s155-AI02-UndrLimAlrm
ECMC_TEST_PREFIX:#m0s155-AI02-OvrLimAlrm
ECMC_TEST_PREFIX:#m0s155-AI02-ErrAlrm
ECMC_TEST_PREFIX:#m0s155-AI03-UndrLimAlrm
ECMC_TEST_PREFIX:#m0s155-AI03-OvrLimAlrm
ECMC_TEST_PREFIX:#m0s155-AI03-ErrAlrm
ECMC_TEST_PREFIX:#m0s155-AI04-UndrLimAlrm
ECMC_TEST_PREFIX:#m0s155-AI04-OvrLimAlrm
ECMC_TEST_PREFIX:#m0s155-AI04-ErrAlrm
ECMC_TEST_PREFIX:#m0s156-AI01-UndrLimAlrm
ECMC_TEST_PREFIX:#m0s156-AI01-OvrLimAlrm
ECMC_TEST_PREFIX:#m0s156-AI01-ErrAlrm
ECMC_TEST_PREFIX:#m0s156-AI02-UndrLimAlrm
ECMC_TEST_PREFIX:#m0s156-AI02-OvrLimAlrm
ECMC_TEST_PREFIX:#m0s156-AI02-ErrAlrm
ECMC_TEST_PREFIX:#m0s156-AI03-UndrLimAlrm
ECMC_TEST_PREFIX:#m0s156-AI03-OvrLimAlrm
ECMC_TEST_PREFIX:#m0s156-AI03-ErrAlrm
ECMC_TEST_PREFIX:#m0s156-AI04-UndrLimAlrm
ECMC_TEST_PREFIX:#m0s156-AI04-OvrLimAlrm
ECMC_TEST_PREFIX:#m0s156-AI04-ErrAlrm
ECMC_TEST_PREFIX:#m0s156-AI05-UndrLimAlrm
ECMC_TEST_PREFIX:#m0s156-AI05-OvrLimAlrm
ECMC_TEST_PREFIX:#m0s156-AI05-ErrAlrm
ECMC_TEST_PREFIX:#m0s156-AI06-UndrLimAlrm
ECMC_TEST_PREFIX:#m0s156-AI06-OvrLimAlrm
ECMC_TEST_PREFIX:#m0s156-AI06-ErrAlrm
ECMC_TEST_PREFIX:#m0s156-AI07-UndrLimAlrm
ECMC_TEST_PREFIX:#m0s156-AI07-OvrLimAlrm
ECMC_TEST_PREFIX:#m0s156-AI07-ErrAlrm
ECMC_TEST_PREFIX:#m0s156-AI08-UndrLimAlrm
ECMC_TEST_PREFIX:#m0s156-AI08-OvrLimAlrm
ECMC_TEST_PREFIX:#m0s156-AI08-ErrAlrm
ECMC_TEST_PREFIX:#m0s157-AI01-UndrLimAlrm
ECMC_TEST_PREFIX:#m0s157-AI01-OvrLimAlrm
ECMC_TEST_PREFIX:#m0s157-AI01-ErrAlrm
ECMC_TEST_PREFIX:#m0s157-AI02-UndrLimAlrm
ECMC_TEST_PREFIX:#m0s157-AI02-OvrLimAlrm
ECMC_TEST_PREFIX:#m0s157-AI02-ErrAlrm
ECMC_TEST_PREFIX:#m0s157-AI03-UndrLimAlrm
ECMC_TEST_PREFIX:#m0s157-AI03-OvrLimAlrm
ECMC_TEST_PREFIX:#m0s157-AI03-ErrAlrm
ECMC_TEST_PREFIX:#m0s157-AI04-UndrLimAlrm
ECMC_TEST_PREFIX:#m0s157-AI04-OvrLimAlrm
ECMC_TEST_PREFIX:#m0s157-AI04-ErrAlrm
ECMC_TEST_PREFIX:#m0s158-AI01-UndrLimAlrm
ECMC_TEST_PREFIX:#m0s158-AI01-OvrLimAlrm
ECMC_TEST_PREFIX:#m0s158-AI01-ErrAlrm
ECMC_TEST_PREFIX:#m0s158-AI02-UndrLimAlrm
ECMC_TEST_PREFIX:#m0s158-AI02-OvrLimAlrm
ECMC_TEST_PREFIX:#m0s158-AI02-ErrAlrm
ECMC_TEST_PREFIX:#m0s158-AI03-UndrLimAlrm
ECMC_TEST_PREFIX:#m0s158-AI03-OvrLimAlrm
ECMC_TEST_PREFIX:#m0s158-AI03-ErrAlrm
ECMC_TEST_PREFIX:#m0s158-AI04-UndrLimAlrm
ECMC_TEST_PREFIX:#m0s158-AI04-OvrLimAlrm
ECMC_TEST_PREFIX:#m0s158-AI04-ErrAlrm
ECMC_TEST_PREFIX:#m0s159-AI01-UndrLimAlrm
ECMC_TEST_PREFIX:#m0s159-AI01-OvrLimAlrm
ECMC_TEST_PREFIX:#m0s159-AI01-ErrAlrm
ECMC_TEST_PREFIX:#m0s159-AI02-UndrLimAlrm
ECMC_TEST_PREFIX:#m0s159-AI02-OvrLimAlrm
ECMC_TEST_PREFIX:#m0s159-AI02-ErrAlrm
ECMC_TEST_PREFIX:#m0s159-AI03-UndrLimAlrm
ECMC_TEST_PREFIX:#m0s159-AI03-OvrLimAlrm
ECMC_TEST_PREFIX:#m0s159-AI03-ErrAlrm
ECMC_TEST_PREFIX:#m0s159-AI04-UndrLimAlrm
ECMC_TEST_PREFIX:#m0s159-AI04-OvrLimAlrm
ECMC_TEST_PREFIX:#m0s159-AI04-ErrAlrm
ECMC_TEST_PREFIX:#m0s161-AI01-UndrLimAlrm
ECMC_TEST_PREFIX:#m0s161-AI01-OvrLimAlrm
ECMC_TEST_PREFIX:#m0s161-AI01-ErrAlrm
ECMC_TEST_PREFIX:#m0s161-AI02-UndrLimAlrm
ECMC_TEST_PREFIX:#m0s161-AI02-OvrLimAlrm
ECMC_TEST_PREFIX:#m0s161-AI02-ErrAlrm
ECMC_TEST_PREFIX:#m0s161-AI03-UndrLimAlrm
ECMC_TEST_PREFIX:#m0s161-AI03-OvrLimAlrm
ECMC_TEST_PREFIX:#m0s161-AI03-ErrAlrm
ECMC_TEST_PREFIX:#m0s161-AI04-UndrLimAlrm
ECMC_TEST_PREFIX:#m0s161-AI04-OvrLimAlrm
ECMC_TEST_PREFIX:#m0s161-AI04-ErrAlrm
ECMC_TEST_PREFIX:#m0s162-AI01-UndrLimAlrm
ECMC_TEST_PREFIX:#m0s162-AI01-OvrLimAlrm
ECMC_TEST_PREFIX:#m0s162-AI01-ErrAlrm
ECMC_TEST_PREFIX:#m0s162-AI02-UndrLimAlrm
ECMC_TEST_PREFIX:#m0s162-AI02-OvrLimAlrm
ECMC_TEST_PREFIX:#m0s162-AI02-ErrAlrm
ECMC_TEST_PREFIX:#m0s162-AI03-UndrLimAlrm
ECMC_TEST_PREFIX:#m0s162-AI03-OvrLimAlrm
ECMC_TEST_PREFIX:#m0s162-AI03-ErrAlrm
ECMC_TEST_PREFIX:#m0s162-AI04-UndrLimAlrm
ECMC_TEST_PREFIX:#m0s162-AI04-OvrLimAlrm
ECMC_TEST_PREFIX:#m0s162-AI04-ErrAlrm
ECMC_TEST_PREFIX:#m0s164-AI01-UndrLimAlrm
ECMC_TEST_PREFIX:#m0s164-AI01-OvrLimAlrm
ECMC_TEST_PREFIX:#m0s164-AI01-ErrAlrm
ECMC_TEST_PREFIX:#m0s164-AI02-UndrLimAlrm
ECMC_TEST_PREFIX:#m0s164-AI02-OvrLimAlrm
ECMC_TEST_PREFIX:#m0s164-AI02-ErrAlrm
ECMC_TEST_PREFIX:#m0s165-AI01-UndrLimAlrm
ECMC_TEST_PREFIX:#m0s165-AI01-OvrLimAlrm
ECMC_TEST_PREFIX:#m0s165-AI01-ErrAlrm
ECMC_TEST_PREFIX:#m0s165-AI02-UndrLimAlrm
ECMC_TEST_PREFIX:#m0s165-AI02-OvrLimAlrm
ECMC_TEST_PREFIX:#m0s165-AI02-ErrAlrm
ECMC_TEST_PREFIX:#m0s165-AI03-UndrLimAlrm
ECMC_TEST_PREFIX:#m0s165-AI03-OvrLimAlrm
ECMC_TEST_PREFIX:#m0s165-AI03-ErrAlrm
ECMC_TEST_PREFIX:#m0s165-AI04-UndrLimAlrm
ECMC_TEST_PREFIX:#m0s165-AI04-OvrLimAlrm
ECMC_TEST_PREFIX:#m0s165-AI04-ErrAlrm
ECMC_TEST_PREFIX:#m0s166-AI01-UndrLimAlrm
ECMC_TEST_PREFIX:#m0s166-AI01-OvrLimAlrm
ECMC_TEST_PREFIX:#m0s166-AI01-ErrAlrm
ECMC_TEST_PREFIX:#m0s166-AI02-UndrLimAlrm
ECMC_TEST_PREFIX:#m0s166-AI02-OvrLimAlrm
ECMC_TEST_PREFIX:#m0s166-AI02-ErrAlrm
ECMC_TEST_PREFIX:#m0s167-AI01-UndrLimAlrm
ECMC_TEST_PREFIX:#m0s167-AI01-OvrLimAlrm
ECMC_TEST_PREFIX:#m0s167-AI01-ErrAlrm
ECMC_TEST_PREFIX:#m0s167-AI02-UndrLimAlrm
ECMC_TEST_PREFIX:#m0s167-AI02-OvrLimAlrm
ECMC_TEST_PREFIX:#m0s167-AI02-ErrAlrm
ECMC_TEST_PREFIX:#m0s167-AI03-UndrLimAlrm
ECMC_TEST_PREFIX:#m0s167-AI03-OvrLimAlrm
ECMC_TEST_PREFIX:#m0s167-AI03-ErrAlrm
ECMC_TEST_PREFIX:#m0s167-AI04-UndrLimAlrm
ECMC_TEST_PREFIX:#m0s167-AI04-OvrLimAlrm
ECMC_TEST_PREFIX:#m0s167-AI04-ErrAlrm
ECMC_TEST_PREFIX:#m0s168-AI01-UndrLimAlrm
ECMC_TEST_PREFIX:#m0s168-AI01-OvrLimAlrm
ECMC_TEST_PREFIX:#m0s168-AI01-ErrAlrm
ECMC_TEST_PREFIX:#m0s168-AI02-UndrLimAlrm
ECMC_TEST_PREFIX:#m0s168-AI02-OvrLimAlrm
ECMC_TEST_PREFIX:#m0s168-AI02-ErrAlrm
ECMC_TEST_PREFIX:#m0s168-AI03-UndrLimAlrm
ECMC_TEST_PREFIX:#m0s168-AI03-OvrLimAlrm
ECMC_TEST_PREFIX:#m0s168-AI03-ErrAlrm
ECMC_TEST_PREFIX:#m0s168-AI04-UndrLimAlrm
ECMC_TEST_PREFIX:#m0s168-AI04-OvrLimAlrm
ECMC_TEST_PREFIX:#m0s168-AI04-ErrAlrm
ECMC_TEST_PREFIX:#m0s169-AI01-UndrLimAlrm
ECMC_TEST_PREFIX:#m0s169-AI01-OvrLimAlrm
ECMC_TEST_PREFIX:#m0s169-AI01-ErrAlrm
ECMC_TEST_PREFIX:#m0s169-AI02-UndrLimAlrm
ECMC_TEST_PREFIX:#m0s169-AI02-OvrLimAlrm
ECMC_TEST_PREFIX:#m0s169-AI02-ErrAlrm
ECMC_TEST_PREFIX:#m0s178-Enc01-DataAlrm
ECMC_TEST_PREFIX:#m0s178-Enc01-FrameAlrm
ECMC_TEST_PREFIX:#m0s178-Enc01-PowerAlrm
ECMC_TEST_PREFIX:#m0s178-Enc02-DataAlrm
ECMC_TEST_PREFIX:#m0s178-Enc02-FrameAlrm
ECMC_TEST_PREFIX:#m0s178-Enc02-PowerAlrm
ECMC_TEST_PREFIX:#m0s179-Enc01-OpnCrctAlrm
ECMC_TEST_PREFIX:#m0s179-Enc01-WrnAlrm
ECMC_TEST_PREFIX:#m0s179-Enc01-SyncErrAlrm
ECMC_TEST_PREFIX:#m0s180-Enc01-WrnAlrm
ECMC_TEST_PREFIX:#m0s180-Enc01-ErrAlrm
ECMC_TEST_PREFIX:#m0s180-Enc01-RdyStat
ECMC_TEST_PREFIX:#m0s180-Enc01-DiagStat
ECMC_TEST_PREFIX:#m0s180-Enc02-WrnAlrm
ECMC_TEST_PREFIX:#m0s180-Enc02-ErrAlrm
ECMC_TEST_PREFIX:#m0s180-Enc02-RdyStat
ECMC_TEST_PREFIX:#m0s180-Enc02-DiagStat
ECMC_TEST_PREFIX:#m0s181-Enc01-FreqAlrm
ECMC_TEST_PREFIX:#m0s181-Enc01-AmpAlrm
ECMC_TEST_PREFIX:#m0s181-Enc01-SyncAlrm
ECMC_TEST_PREFIX:#m0s182-Enc01-ExtLtchOK
ECMC_TEST_PREFIX:#m0s182-Enc01-OpnCrctAlrm
ECMC_TEST_PREFIX:#m0s182-Enc01-WrnAlrm
ECMC_TEST_PREFIX:#m0s182-Enc01-SyncErrAlrm
ECMC_TEST_PREFIX:#m0s183-Enc01-ExtLtchOK
ECMC_TEST_PREFIX:#m0s183-Enc01-OpnCrctAlrm
ECMC_TEST_PREFIX:#m0s183-Enc01-WrnAlrm
ECMC_TEST_PREFIX:#m0s183-Enc01-SyncErrAlrm
ECMC_TEST_PREFIX:#m0s184-Enc01-DataAlrm
ECMC_TEST_PREFIX:#m0s184-Enc01-FrameAlrm
ECMC_TEST_PREFIX:#m0s184-Enc01-PowerAlrm
ECMC_TEST_PREFIX:#m0s186-Ch01-StatTA
ECMC_TEST_PREFIX:#m0s186-Ch01-StatRR
ECMC_TEST_PREFIX:#m0s186-Ch01-StatIA
ECMC_TEST_PREFIX:#m0s186-Ch01-BFAlrm
ECMC_TEST_PREFIX:#m0s186-Ch01-PrtyAlrm
ECMC_TEST_PREFIX:#m0s186-Ch01-FrmAlrm
ECMC_TEST_PREFIX:#m0s186-Ch01-OvrrunAlrm
ECMC_TEST_PREFIX:#m0s186-Ch02-StatTA
ECMC_TEST_PREFIX:#m0s186-Ch02-StatRR
ECMC_TEST_PREFIX:#m0s186-Ch02-StatIA
ECMC_TEST_PREFIX:#m0s186-Ch02-BFAlrm
ECMC_TEST_PREFIX:#m0s186-Ch02-PrtyAlrm
ECMC_TEST_PREFIX:#m0s186-Ch02-FrmAlrm
ECMC_TEST_PREFIX:#m0s186-Ch02-OvrrunAlrm
ECMC_TEST_PREFIX:#m0s189-Ch01-StatTA
ECMC_TEST_PREFIX:#m0s189-Ch01-StatRR
ECMC_TEST_PREFIX:#m0s189-Ch01-StatIA
ECMC_TEST_PREFIX:#m0s189-Ch01-BFAlrm
ECMC_TEST_PREFIX:#m0s189-Ch01-PrtyAlrm
ECMC_TEST_PREFIX:#m0s189-Ch01-FrmAlrm
ECMC_TEST_PREFIX:#m0s189-Ch01-OvrrunAlrm
ECMC_TEST_PREFIX:#m0s189-Ch02-StatTA
ECMC_TEST_PREFIX:#m0s189-Ch02-StatRR
ECMC_TEST_PREFIX:#m0s189-Ch02-StatIA
ECMC_TEST_PREFIX:#m0s189-Ch02-BFAlrm
ECMC_TEST_PREFIX:#m0s189-Ch02-PrtyAlrm
ECMC_TEST_PREFIX:#m0s189-Ch02-FrmAlrm
ECMC_TEST_PREFIX:#m0s189-Ch02-OvrrunAlrm
ECMC_TEST_PREFIX:#m0s190-Dev-BtnUp
ECMC_TEST_PREFIX:#m0s190-Dev-BtnDwn
ECMC_TEST_PREFIX:#m0s190-Dev-BtnLft
ECMC_TEST_PREFIX:#m0s190-Dev-BtnRght
ECMC_TEST_PREFIX:#m0s190-Dev-BtnEntr
ECMC_TEST_PREFIX:#m0s191-Drv01-Wrn-Alrm
ECMC_TEST_PREFIX:#m0s191-Drv01-Err-Alrm
ECMC_TEST_PREFIX:#m0s192-Drv01-Wrn-Alrm
ECMC_TEST_PREFIX:#m0s192-Drv01-Err-Alrm
ECMC_TEST_PREFIX:#m0s193-Drv01-Wrn-Alrm
ECMC_TEST_PREFIX:#m0s193-Drv01-Err-Alrm
ECMC_TEST_PREFIX:#m0s194-Drv01-Wrn-Alrm
ECMC_TEST_PREFIX:#m0s194-Drv01-Err-Alrm
ECMC_TEST_PREFIX:#m0s195-Enc01-ExtLtchOK
ECMC_TEST_PREFIX:#m0s195-Enc01-OpnCrctAlrm
ECMC_TEST_PREFIX:#m0s195-Enc01-WrnAlrm
ECMC_TEST_PREFIX:#m0s195-Enc01-SyncErrAlrm
ECMC_TEST_PREFIX:#m0s196-Drv01-Wrn-Alrm
ECMC_TEST_PREFIX:#m0s196-Drv01-Err-Alrm
ECMC_TEST_PREFIX:#m0s196-Tp01-BI01
ECMC_TEST_PREFIX:#m0s196-Tp01-BI02
ECMC_TEST_PREFIX:#m0s197-Drv01-Wrn-Alrm
ECMC_TEST_PREFIX:#m0s197-Drv01-Err-Alrm
ECMC_TEST_PREFIX:#m0s197-Drv01-Stl-Alrm
ECMC_TEST_PREFIX:#m0s197-Drv01-SyncErr-Alrm
ECMC_TEST_PREFIX:#m0s197-Enc01-ExtLtchOK
ECMC_TEST_PREFIX:#m0s197-Enc01-OpnCrctAlrm
ECMC_TEST_PREFIX:#m0s197-Enc01-WrnAlrm
ECMC_TEST_PREFIX:#m0s197-Enc01-SyncErrAlrm
ECMC_TEST_PREFIX:#m0s198-Drv01-Wrn-Alrm
ECMC_TEST_PREFIX:#m0s198-Drv01-Err-Alrm
ECMC_TEST_PREFIX:#m0s199-Drv01-Wrn-Alrm
ECMC_TEST_PREFIX:#m0s199-Drv01-Err-Alrm
ECMC_TEST_PREFIX:#m0s199-Drv01-Stl-Alrm
ECMC_TEST_PREFIX:#m0s199-Drv01-SyncErr-Alrm
ECMC_TEST_PREFIX:#m0s199-Enc01-ExtLtchOK
ECMC_TEST_PREFIX:#m0s199-Enc01-OpnCrctAlrm
ECMC_TEST_PREFIX:#m0s199-Enc01-WrnAlrm
ECMC_TEST_PREFIX:#m0s199-Enc01-SyncErrAlrm
ECMC_TEST_PREFIX:#m0s200-Drv01-Wrn-Alrm
ECMC_TEST_PREFIX:#m0s200-Drv01-Err-Alrm
ECMC_TEST_PREFIX:#m0s201--Drv01-RdyToEna
ECMC_TEST_PREFIX:#m0s201--Drv01-Rdy
ECMC_TEST_PREFIX:#m0s201--Drv01-Wrn-Alrm
ECMC_TEST_PREFIX:#m0s201--Drv01-Err-Alrm
ECMC_TEST_PREFIX:#m0s201--Drv01-MovPos
ECMC_TEST_PREFIX:#m0s201--Drv01-MovNeg
ECMC_TEST_PREFIX:#m0s201--Drv01-TqueRed
ECMC_TEST_PREFIX:#m0s201--Drv01-BI01
ECMC_TEST_PREFIX:#m0s201--Drv01-BI02
ECMC_TEST_PREFIX:#m0s201--Drv01-SyncErr-Alrm
ECMC_TEST_PREFIX:#m0s201--Drv02-RdyToEna
ECMC_TEST_PREFIX:#m0s201--Drv02-Rdy
ECMC_TEST_PREFIX:#m0s201--Drv02-Wrn-Alrm
ECMC_TEST_PREFIX:#m0s201--Drv02-Err-Alrm
ECMC_TEST_PREFIX:#m0s201--Drv02-MovPos
ECMC_TEST_PREFIX:#m0s201--Drv02-MovNeg
ECMC_TEST_PREFIX:#m0s201--Drv02-TqueRed
ECMC_TEST_PREFIX:#m0s201--Drv02-BI01
ECMC_TEST_PREFIX:#m0s201--Drv02-BI02
ECMC_TEST_PREFIX:#m0s201--Drv02-SyncErr-Alrm
ECMC_TEST_PREFIX:#m0s202-Drv01-Wrn-Alrm
ECMC_TEST_PREFIX:#m0s202-Drv01-Err-Alrm
ECMC_TEST_PREFIX:#m0s203-Drv01-Wrn-Alrm
ECMC_TEST_PREFIX:#m0s203-Drv01-Err-Alrm
ECMC_TEST_PREFIX:#m0s203-Drv01-Stl-Alrm
ECMC_TEST_PREFIX:#m0s203-Drv01-SyncErr-Alrm
ECMC_TEST_PREFIX:#m0s203-Enc01-ExtLtchOK
ECMC_TEST_PREFIX:#m0s203-Enc01-OpnCrctAlrm
ECMC_TEST_PREFIX:#m0s203-Enc01-WrnAlrm
ECMC_TEST_PREFIX:#m0s203-Enc01-SyncErrAlrm
ECMC_TEST_PREFIX:#m0s204-Drv01-Wrn-Alrm
ECMC_TEST_PREFIX:#m0s204-Drv01-Err-Alrm
ECMC_TEST_PREFIX:#m0s204-Drv01-Stl-Alrm
ECMC_TEST_PREFIX:#m0s204-Drv01-SyncErr-Alrm
ECMC_TEST_PREFIX:#m0s204-Enc01-ExtLtchOK
ECMC_TEST_PREFIX:#m0s204-Enc01-OpnCrctAlrm
ECMC_TEST_PREFIX:#m0s204-Enc01-WrnAlrm
ECMC_TEST_PREFIX:#m0s204-Enc01-SyncErrAlrm
ECMC_TEST_PREFIX:#m0s205-Drv01-WrnAlrm
ECMC_TEST_PREFIX:#m0s205-Drv01-ErrAlrm
ECMC_TEST_PREFIX:#m0s205-Drv01-StlAlrm
ECMC_TEST_PREFIX:#m0s205-Drv01-SyncErrAlrm
ECMC_TEST_PREFIX:#m0s205-Enc01-OpnCrctAlrm
ECMC_TEST_PREFIX:#m0s205-Enc01-WrnAlrm
ECMC_TEST_PREFIX:#m0s205-Enc01-SyncErrAlrm
ECMC_TEST_PREFIX:#m0s206-Drv01-Wrn-Alrm
ECMC_TEST_PREFIX:#m0s206-Drv01-Err-Alrm
ECMC_TEST_PREFIX:#m0s206-Drv01-Stl-Alrm
ECMC_TEST_PREFIX:#m0s206-Drv01-SyncErr-Alrm
ECMC_TEST_PREFIX:#m0s206-Enc01-ExtLtchOK
ECMC_TEST_PREFIX:#m0s206-Enc01-OpnCrctAlrm
ECMC_TEST_PREFIX:#m0s206-Enc01-WrnAlrm
ECMC_TEST_PREFIX:#m0s206-Enc01-SyncErrAlrm
ECMC_TEST_PREFIX:#m0s207-Drv01-Wrn-Alrm
ECMC_TEST_PREFIX:#m0s207-Drv01-Err-Alrm
ECMC_TEST_PREFIX:#m0s208-Drv01-Wrn-Alrm
ECMC_TEST_PREFIX:#m0s208-Drv01-Err-Alrm
ECMC_TEST_PREFIX:#m0s209-Drv01-Wrn-Alrm
ECMC_TEST_PREFIX:#m0s209-Drv01-Err-Alrm
ECMC_TEST_PREFIX:#m0s210-Drv01-Wrn-Alrm
ECMC_TEST_PREFIX:#m0s210-Drv01-Err-Alrm
ECMC_TEST_PREFIX:#m0s211-Drv01-Wrn-Alrm
ECMC_TEST_PREFIX:#m0s211-Drv01-Err-Alrm
ECMC_TEST_PREFIX:#m0s211-Drv01-Stl-Alrm
ECMC_TEST_PREFIX:#m0s211-Drv01-SyncErr-Alrm
ECMC_TEST_PREFIX:#m0s211-Enc01-ExtLtchOK
ECMC_TEST_PREFIX:#m0s211-Enc01-OpnCrctAlrm
ECMC_TEST_PREFIX:#m0s211-Enc01-WrnAlrm
ECMC_TEST_PREFIX:#m0s211-Enc01-SyncErrAlrm
ECMC_TEST_PREFIX:#m0s212-Drv01-Wrn-Alrm
ECMC_TEST_PREFIX:#m0s212-Drv01-Err-Alrm
ECMC_TEST_PREFIX:#m0s212-Drv01-Stl-Alrm
ECMC_TEST_PREFIX:#m0s212-Drv01-SyncErr-Alrm
ECMC_TEST_PREFIX:#m0s212-Enc01-ExtLtchOK
ECMC_TEST_PREFIX:#m0s212-Enc01-OpnCrctAlrm
ECMC_TEST_PREFIX:#m0s212-Enc01-WrnAlrm
ECMC_TEST_PREFIX:#m0s212-Enc01-SyncErrAlrm
ECMC_TEST_PREFIX:#m0s213-CH01-PowAlrm
ECMC_TEST_PREFIX:#m0s213-CH01-OvrldAlrm
ECMC_TEST_PREFIX:#m0s214-CH01-OvrTmpAlrm
ECMC_TEST_PREFIX:#m0s214-CH01-I2TErrAlrm
ECMC_TEST_PREFIX:#m0s214-CH01-I2TWrnAlrm
ECMC_TEST_PREFIX:#m0s214-CH01-OvrVltAlrm
ECMC_TEST_PREFIX:#m0s214-CH01-UndrVltAlrm
ECMC_TEST_PREFIX:#m0s214-CH01-OnAct
ECMC_TEST_PREFIX:#m0s215-CH01-PowAlrm
ECMC_TEST_PREFIX:#m0s216-CH01-EBusAlrm
ECMC_TEST_PREFIX:#m0s216-CH01-VoltAlrm
ECMC_TEST_PREFIX:#m0s217-CH01-EnaAct
ECMC_TEST_PREFIX:#m0s217-CH01-TripAlrm
ECMC_TEST_PREFIX:#m0s217-CH01-ShrtCircAlrm
ECMC_TEST_PREFIX:#m0s217-CH01-OvrldAlrm
ECMC_TEST_PREFIX:#m0s217-CH01-HwProtAlrm
ECMC_TEST_PREFIX:#m0s217-CH01-OvrVoltAlrm
ECMC_TEST_PREFIX:#m0s217-CH01-UdrVoltAlrm
ECMC_TEST_PREFIX:#m0s217-CH01-CurrLvlAlrm
ECMC_TEST_PREFIX:#m0s217-CH01-CoolDwnAlrm
ECMC_TEST_PREFIX:#m0s217-CH01-DisSwtchAlrm
ECMC_TEST_PREFIX:#m0s217-CH01-DisBIAlrm
ECMC_TEST_PREFIX:#m0s217-CH01-DisPDOAlrm
ECMC_TEST_PREFIX:#m0s217-CH01-DiagAlrm
ECMC_TEST_PREFIX:#m0s217-CH01-SwtchAlrm
ECMC_TEST_PREFIX:#m0s217-CH01-BI
ECMC_TEST_PREFIX:#m0s217-CH01-ErrAlrm
ECMC_TEST_PREFIX:#m0s217-CH01-RstAlrm
ECMC_TEST_PREFIX:#m0s217-CH01-RstCmd-RB
ECMC_TEST_PREFIX:#m0s217-CH01-SwtchCmd-RB
ECMC_TEST_PREFIX:#m0s217-CH02-EnaAct
ECMC_TEST_PREFIX:#m0s217-CH02-TripAlrm
ECMC_TEST_PREFIX:#m0s217-CH02-ShrtCircAlrm
ECMC_TEST_PREFIX:#m0s217-CH02-OvrldAlrm
ECMC_TEST_PREFIX:#m0s217-CH02-HwProtAlrm
ECMC_TEST_PREFIX:#m0s217-CH02-OvrVoltAlrm
ECMC_TEST_PREFIX:#m0s217-CH02-UdrVoltAlrm
ECMC_TEST_PREFIX:#m0s217-CH02-CurrLvlAlrm
ECMC_TEST_PREFIX:#m0s217-CH02-CoolDwnAlrm
ECMC_TEST_PREFIX:#m0s217-CH02-DisSwtchAlrm
ECMC_TEST_PREFIX:#m0s217-CH02-DisBIAlrm
ECMC_TEST_PREFIX:#m0s217-CH02-DisPDOAlrm
ECMC_TEST_PREFIX:#m0s217-CH02-DiagAlrm
ECMC_TEST_PREFIX:#m0s217-CH02-SwtchAlrm
ECMC_TEST_PREFIX:#m0s217-CH02-BI
ECMC_TEST_PREFIX:#m0s217-CH02-ErrAlrm
ECMC_TEST_PREFIX:#m0s217-CH02-RstAlrm
ECMC_TEST_PREFIX:#m0s217-CH02-RstCmd-RB
ECMC_TEST_PREFIX:#m0s217-CH02-SwtchCmd-RB
ECMC_TEST_PREFIX:#m0s218-CH01-PowAlrm
ECMC_TEST_PREFIX:#m0s218-CH01-OvrldAlrm
ECMC_TEST_PREFIX:#m0s223-DevWarn
ECMC_TEST_PREFIX:#m0s223-DevErr
ECMC_TEST_PREFIX:#m0s223-AccErrAlrm
ECMC_TEST_PREFIX:#m0s223-AccUdrRngAlrm
ECMC_TEST_PREFIX:#m0s223-AccOvrRngAlrm
ECMC_TEST_PREFIX:#m0s223-AccDiagAlrm
ECMC_TEST_PREFIX:#m0s223-AccSOvrAlrm
ECMC_TEST_PREFIX:#m0s233-Dev-KBusErr-Alrm
ECMC_TEST_PREFIX:#m0s233-Dev-CfgErr-Alrm
ECMC_TEST_PREFIX:#m0s233-Dev-OutpDis-Alrm
ECMC_TEST_PREFIX:#m0s233-Dev-OvrRun-Alrm
ECMC_TEST_PREFIX:#m0s233-Dev-InpCom-Alrm
ECMC_TEST_PREFIX:#m0s233-Dev-OutpCom-Alrm
ECMC_TEST_PREFIX:#m0s234-Dev-KBusErr-Alrm
ECMC_TEST_PREFIX:#m0s234-Dev-CfgErr-Alrm
ECMC_TEST_PREFIX:#m0s234-Dev-OutpDis-Alrm
ECMC_TEST_PREFIX:#m0s234-Dev-OvrRun-Alrm
ECMC_TEST_PREFIX:#m0s234-Dev-InpCom-Alrm
ECMC_TEST_PREFIX:#m0s234-Dev-OutpCom-Alrm
ECMC_TEST_PREFIX:#m0s235-BI01
ECMC_TEST_PREFIX:#m0s235-BI02
ECMC_TEST_PREFIX:#m0s235-BI03
ECMC_TEST_PREFIX:#m0s235-BI04
ECMC_TEST_PREFIX:#m0s235-BI05
ECMC_TEST_PREFIX:#m0s235-BI06
ECMC_TEST_PREFIX:#m0s235-BI08
ECMC_TEST_PREFIX:#m0s235-BI09
ECMC_TEST_PREFIX:#m0s235-BI10
ECMC_TEST_PREFIX:#m0s235-BI11
ECMC_TEST_PREFIX:#m0s235-BO01-Red-RB
ECMC_TEST_PREFIX:#m0s235-BO01-Green-RB
ECMC_TEST_PREFIX:#m0s235-BO01-Blue-RB
ECMC_TEST_PREFIX:#m0s235-BO02-Red-RB
ECMC_TEST_PREFIX:#m0s235-BO02-Green-RB
ECMC_TEST_PREFIX:#m0s235-BO02-Blue-RB
ECMC_TEST_PREFIX:#m0s235-BO03-Red-RB
ECMC_TEST_PREFIX:#m0s235-BO03-Green-RB
ECMC_TEST_PREFIX:#m0s235-BO03-Blue-RB
ECMC_TEST_PREFIX:#m0s235-BO04-Red-RB
ECMC_TEST_PREFIX:#m0s235-BO04-Green-RB
ECMC_TEST_PREFIX:#m0s235-BO04-Blue-RB
ECMC_TEST_PREFIX:#m0s235-BO05-Red-RB
ECMC_TEST_PREFIX:#m0s235-BO05-Green-RB
ECMC_TEST_PREFIX:#m0s235-BO05-Blue-RB
ECMC_TEST_PREFIX:#m0s235-BO09-Red-RB
ECMC_TEST_PREFIX:#m0s235-BO09-Green-RB
ECMC_TEST_PREFIX:#m0s235-BO09-Blue-RB
ECMC_TEST_PREFIX:#m0s235-BO10-Red-RB
ECMC_TEST_PREFIX:#m0s235-BO10-Green-RB
ECMC_TEST_PREFIX:#m0s235-BO10-Blue-RB
ECMC_TEST_PREFIX:#m0s235-BO11-Red-RB
ECMC_TEST_PREFIX:#m0s235-BO11-Green-RB
ECMC_TEST_PREFIX:#m0s235-BO11-Blue-RB
ECMC_TEST_PREFIX:#m0s236-BI01
ECMC_TEST_PREFIX:#m0s236-BI02
ECMC_TEST_PREFIX:#m0s236-BI03
ECMC_TEST_PREFIX:#m0s236-BI04
ECMC_TEST_PREFIX:#m0s236-BI05
ECMC_TEST_PREFIX:#m0s236-BI06
ECMC_TEST_PREFIX:#m0s236-BI07
ECMC_TEST_PREFIX:#m0s236-BI08
ECMC_TEST_PREFIX:#m0s236-BI09
ECMC_TEST_PREFIX:#m0s236-BI10
ECMC_TEST_PREFIX:#m0s236-BO01-Red-RB
ECMC_TEST_PREFIX:#m0s236-BO01-Green-RB
ECMC_TEST_PREFIX:#m0s236-BO01-Blue-RB
ECMC_TEST_PREFIX:#m0s236-BO02-Red-RB
ECMC_TEST_PREFIX:#m0s236-BO02-Green-RB
ECMC_TEST_PREFIX:#m0s236-BO02-Blue-RB
ECMC_TEST_PREFIX:#m0s236-BO03-Red-RB
ECMC_TEST_PREFIX:#m0s236-BO03-Green-RB
ECMC_TEST_PREFIX:#m0s236-BO03-Blue-RB
ECMC_TEST_PREFIX:#m0s236-BO04-Red-RB
ECMC_TEST_PREFIX:#m0s236-BO04-Green-RB
ECMC_TEST_PREFIX:#m0s236-BO04-Blue-RB
ECMC_TEST_PREFIX:#m0s236-BO05-Red-RB
ECMC_TEST_PREFIX:#m0s236-BO05-Green-RB
ECMC_TEST_PREFIX:#m0s236-BO05-Blue-RB
ECMC_TEST_PREFIX:#m0s236-BO06-Red-RB
ECMC_TEST_PREFIX:#m0s236-BO06-Green-RB
ECMC_TEST_PREFIX:#m0s236-BO06-Blue-RB
ECMC_TEST_PREFIX:#m0s236-BO07-Red-RB
ECMC_TEST_PREFIX:#m0s236-BO07-Green-RB
ECMC_TEST_PREFIX:#m0s236-BO07-Blue-RB
ECMC_TEST_PREFIX:#m0s236-BO08-Red-RB
ECMC_TEST_PREFIX:#m0s236-BO08-Green-RB
ECMC_TEST_PREFIX:#m0s236-BO08-Blue-RB
ECMC_TEST_PREFIX:#m0s236-BO09-Red-RB
ECMC_TEST_PREFIX:#m0s236-BO09-Green-RB
ECMC_TEST_PREFIX:#m0s236-BO09-Blue-RB
ECMC_TEST_PREFIX:#m0s236-BO10-Red-RB
ECMC_TEST_PREFIX:#m0s236-BO10-Green-RB
ECMC_TEST_PREFIX:#m0s236-BO10-Blue-RB
ECMC_TEST_PREFIX:#m0s237-Dev-ErrAlrm
ECMC_TEST_PREFIX:#m0s237-Dev-WrnAlrm
ECMC_TEST_PREFIX:#m0s237-Dev-ValAlrm
ECMC_TEST_PREFIX:#m0s237-CH01-Output1
ECMC_TEST_PREFIX:#m0s237-CH01-Output2
ECMC_TEST_PREFIX:#m0s237-CH01-Output3
ECMC_TEST_PREFIX:#m0s237-CH01-Output4
ECMC_TEST_PREFIX:#m0s237-CH01-Output5
ECMC_TEST_PREFIX:#m0s237-CH01-InvAlrm
ECMC_TEST_PREFIX:#m0s237-CH01-UdrAlrm
ECMC_TEST_PREFIX:#m0s237-CH01-OvrAlrm
ECMC_TEST_PREFIX:#m0s237-CH01-WrnAlrm
ECMC_TEST_PREFIX:#m0s237-CH01-ErrAlrm
ECMC_TEST_PREFIX:#m0s237-CH02-Output1
ECMC_TEST_PREFIX:#m0s237-CH02-Output2
ECMC_TEST_PREFIX:#m0s237-CH02-Output3
ECMC_TEST_PREFIX:#m0s237-CH02-Output4
ECMC_TEST_PREFIX:#m0s237-CH02-Output5
ECMC_TEST_PREFIX:#m0s237-CH02-InvAlrm
ECMC_TEST_PREFIX:#m0s237-CH02-UdrAlrm
ECMC_TEST_PREFIX:#m0s237-CH02-OvrAlrm
ECMC_TEST_PREFIX:#m0s237-CH02-WrnAlrm
ECMC_TEST_PREFIX:#m0s237-CH02-ErrAlrm
ECMC_TEST_PREFIX:#m0s237-CH03-Output1
ECMC_TEST_PREFIX:#m0s237-CH03-Output2
ECMC_TEST_PREFIX:#m0s237-CH03-Output3
ECMC_TEST_PREFIX:#m0s237-CH03-Output4
ECMC_TEST_PREFIX:#m0s237-CH03-Output5
ECMC_TEST_PREFIX:#m0s237-CH03-InvAlrm
ECMC_TEST_PREFIX:#m0s237-CH03-UdrAlrm
ECMC_TEST_PREFIX:#m0s237-CH03-OvrAlrm
ECMC_TEST_PREFIX:#m0s237-CH03-WrnAlrm
ECMC_TEST_PREFIX:#m0s237-CH03-ErrAlrm
ECMC_TEST_PREFIX:#m0s237-CH04-Output1
ECMC_TEST_PREFIX:#m0s237-CH04-Output2
ECMC_TEST_PREFIX:#m0s237-CH04-Output3
ECMC_TEST_PREFIX:#m0s237-CH04-Output4
ECMC_TEST_PREFIX:#m0s237-CH04-Output5
ECMC_TEST_PREFIX:#m0s237-CH04-InvAlrm
ECMC_TEST_PREFIX:#m0s237-CH04-UdrAlrm
ECMC_TEST_PREFIX:#m0s237-CH04-OvrAlrm
ECMC_TEST_PREFIX:#m0s237-CH04-WrnAlrm
ECMC_TEST_PREFIX:#m0s237-CH04-ErrAlrm
ECMC_TEST_PREFIX:#m0s237-CH05-Output1
ECMC_TEST_PREFIX:#m0s237-CH05-Output2
ECMC_TEST_PREFIX:#m0s237-CH05-Output3
ECMC_TEST_PREFIX:#m0s237-CH05-Output4
ECMC_TEST_PREFIX:#m0s237-CH05-Output5
ECMC_TEST_PREFIX:#m0s237-CH05-InvAlrm
ECMC_TEST_PREFIX:#m0s237-CH05-UdrAlrm
ECMC_TEST_PREFIX:#m0s237-CH05-OvrAlrm
ECMC_TEST_PREFIX:#m0s237-CH05-WrnAlrm
ECMC_TEST_PREFIX:#m0s237-CH05-ErrAlrm
ECMC_TEST_PREFIX:#m0s237-CH06-Output1
ECMC_TEST_PREFIX:#m0s237-CH06-Output2
ECMC_TEST_PREFIX:#m0s237-CH06-Output3
ECMC_TEST_PREFIX:#m0s237-CH06-Output4
ECMC_TEST_PREFIX:#m0s237-CH06-Output5
ECMC_TEST_PREFIX:#m0s237-CH06-InvAlrm
ECMC_TEST_PREFIX:#m0s237-CH06-UdrAlrm
ECMC_TEST_PREFIX:#m0s237-CH06-OvrAlrm
ECMC_TEST_PREFIX:#m0s237-CH06-WrnAlrm
ECMC_TEST_PREFIX:#m0s237-CH06-ErrAlrm
ECMC_TEST_PREFIX:#m0s237-CH07-Output1
ECMC_TEST_PREFIX:#m0s237-CH07-Output2
ECMC_TEST_PREFIX:#m0s237-CH07-Output3
ECMC_TEST_PREFIX:#m0s237-CH07-Output4
ECMC_TEST_PREFIX:#m0s237-CH07-Output5
ECMC_TEST_PREFIX:#m0s237-CH07-InvAlrm
ECMC_TEST_PREFIX:#m0s237-CH07-UdrAlrm
ECMC_TEST_PREFIX:#m0s237-CH07-OvrAlrm
ECMC_TEST_PREFIX:#m0s237-CH07-WrnAlrm
ECMC_TEST_PREFIX:#m0s237-CH07-ErrAlrm
ECMC_TEST_PREFIX:#m0s237-CH08-Output1
ECMC_TEST_PREFIX:#m0s237-CH08-Output2
ECMC_TEST_PREFIX:#m0s237-CH08-Output3
ECMC_TEST_PREFIX:#m0s237-CH08-Output4
ECMC_TEST_PREFIX:#m0s237-CH08-Output5
ECMC_TEST_PREFIX:#m0s237-CH08-InvAlrm
ECMC_TEST_PREFIX:#m0s237-CH08-UdrAlrm
ECMC_TEST_PREFIX:#m0s237-CH08-OvrAlrm
ECMC_TEST_PREFIX:#m0s237-CH08-WrnAlrm
ECMC_TEST_PREFIX:#m0s237-CH08-ErrAlrm
ECMC_TEST_PREFIX:#m0s237-CH09-Output1
ECMC_TEST_PREFIX:#m0s237-CH09-Output2
ECMC_TEST_PREFIX:#m0s237-CH09-Output3
ECMC_TEST_PREFIX:#m0s237-CH09-Output4
ECMC_TEST_PREFIX:#m0s237-CH09-Output5
ECMC_TEST_PREFIX:#m0s237-CH09-InvAlrm
ECMC_TEST_PREFIX:#m0s237-CH09-UdrAlrm
ECMC_TEST_PREFIX:#m0s237-CH09-OvrAlrm
ECMC_TEST_PREFIX:#m0s237-CH09-WrnAlrm
ECMC_TEST_PREFIX:#m0s237-CH09-ErrAlrm
ECMC_TEST_PREFIX:#m0s237-CH10-Output1
ECMC_TEST_PREFIX:#m0s237-CH10-Output2
ECMC_TEST_PREFIX:#m0s237-CH10-Output3
ECMC_TEST_PREFIX:#m0s237-CH10-Output4
ECMC_TEST_PREFIX:#m0s237-CH10-Output5
ECMC_TEST_PREFIX:#m0s237-CH10-InvAlrm
ECMC_TEST_PREFIX:#m0s237-CH10-UdrAlrm
ECMC_TEST_PREFIX:#m0s237-CH10-OvrAlrm
ECMC_TEST_PREFIX:#m0s237-CH10-WrnAlrm
ECMC_TEST_PREFIX:#m0s237-CH10-ErrAlrm
ECMC_TEST_PREFIX:#m0s237-CH11-Output1
ECMC_TEST_PREFIX:#m0s237-CH11-Output2
ECMC_TEST_PREFIX:#m0s237-CH11-Output3
ECMC_TEST_PREFIX:#m0s237-CH11-Output4
ECMC_TEST_PREFIX:#m0s237-CH11-Output5
ECMC_TEST_PREFIX:#m0s237-CH11-InvAlrm
ECMC_TEST_PREFIX:#m0s237-CH11-UdrAlrm
ECMC_TEST_PREFIX:#m0s237-CH11-OvrAlrm
ECMC_TEST_PREFIX:#m0s237-CH11-WrnAlrm
ECMC_TEST_PREFIX:#m0s237-CH11-ErrAlrm
ECMC_TEST_PREFIX:#m0s237-CH12-Output1
ECMC_TEST_PREFIX:#m0s237-CH12-Output2
ECMC_TEST_PREFIX:#m0s237-CH12-Output3
ECMC_TEST_PREFIX:#m0s237-CH12-Output4
ECMC_TEST_PREFIX:#m0s237-CH12-Output5
ECMC_TEST_PREFIX:#m0s237-CH12-InvAlrm
ECMC_TEST_PREFIX:#m0s237-CH12-UdrAlrm
ECMC_TEST_PREFIX:#m0s237-CH12-OvrAlrm
ECMC_TEST_PREFIX:#m0s237-CH12-WrnAlrm
ECMC_TEST_PREFIX:#m0s237-CH12-ErrAlrm
ECMC_TEST_PREFIX:#m0s237-CH13-Output1
ECMC_TEST_PREFIX:#m0s237-CH13-Output2
ECMC_TEST_PREFIX:#m0s237-CH13-Output3
ECMC_TEST_PREFIX:#m0s237-CH13-Output4
ECMC_TEST_PREFIX:#m0s237-CH13-Output5
ECMC_TEST_PREFIX:#m0s237-CH13-InvAlrm
ECMC_TEST_PREFIX:#m0s237-CH13-UdrAlrm
ECMC_TEST_PREFIX:#m0s237-CH13-OvrAlrm
ECMC_TEST_PREFIX:#m0s237-CH13-WrnAlrm
ECMC_TEST_PREFIX:#m0s237-CH13-ErrAlrm
ECMC_TEST_PREFIX:#m0s237-CH14-Output1
ECMC_TEST_PREFIX:#m0s237-CH14-Output2
ECMC_TEST_PREFIX:#m0s237-CH14-Output3
ECMC_TEST_PREFIX:#m0s237-CH14-Output4
ECMC_TEST_PREFIX:#m0s237-CH14-Output5
ECMC_TEST_PREFIX:#m0s237-CH14-InvAlrm
ECMC_TEST_PREFIX:#m0s237-CH14-UdrAlrm
ECMC_TEST_PREFIX:#m0s237-CH14-OvrAlrm
ECMC_TEST_PREFIX:#m0s237-CH14-WrnAlrm
ECMC_TEST_PREFIX:#m0s237-CH14-ErrAlrm
ECMC_TEST_PREFIX:#m0s237-CH15-Output1
ECMC_TEST_PREFIX:#m0s237-CH15-Output2
ECMC_TEST_PREFIX:#m0s237-CH15-Output3
ECMC_TEST_PREFIX:#m0s237-CH15-Output4
ECMC_TEST_PREFIX:#m0s237-CH15-Output5
ECMC_TEST_PREFIX:#m0s237-CH15-InvAlrm
ECMC_TEST_PREFIX:#m0s237-CH15-UdrAlrm
ECMC_TEST_PREFIX:#m0s237-CH15-OvrAlrm
ECMC_TEST_PREFIX:#m0s237-CH15-WrnAlrm
ECMC_TEST_PREFIX:#m0s237-CH15-ErrAlrm
ECMC_TEST_PREFIX:#m0s238-Drv01-Wrn-Alrm
ECMC_TEST_PREFIX:#m0s238-Drv01-Err-Alrm
ECMC_TEST_PREFIX:#m0s244-Drv01-Wrn-Alrm
ECMC_TEST_PREFIX:#m0s244-Drv01-Err-Alrm
ECMC_TEST_PREFIX:#m0s244-Drv01-QStp-Alrm
ECMC_TEST_PREFIX:#m0s244-Drv01-Lim-Alrm
ECMC_TEST_PREFIX:#m0s244-Drv01-Flw-Alrm
ECMC_TEST_PREFIX:#m0s245-Drv01-Wrn-Alrm
ECMC_TEST_PREFIX:#m0s245-Drv01-Err-Alrm
ECMC_TEST_PREFIX:#m0s245-Drv01-QStp-Alrm
ECMC_TEST_PREFIX:#m0s245-Drv01-Lim-Alrm
ECMC_TEST_PREFIX:#m0s245-Drv01-Flw-Alrm
ECMC_TEST_PREFIX:#m0s245-Online
ECMC_TEST_PREFIX:#m0s245-Operational
ECMC_TEST_PREFIX:#m0s245-Alstate-Init
ECMC_TEST_PREFIX:#m0s245-Alstate-Preop
ECMC_TEST_PREFIX:#m0s245-Alstate-Safeop
ECMC_TEST_PREFIX:#m0s245-Alstate-Op
ECMC_TEST_PREFIX:Axis10-EnaCmd-RB
ECMC_TEST_PREFIX:Axis10-EnaAct
ECMC_TEST_PREFIX:Axis10-ExeCmd-RB
ECMC_TEST_PREFIX:Axis10-Busy
ECMC_TEST_PREFIX:Axis10-AtTarget
ECMC_TEST_PREFIX:Axis10-Moving
ECMC_TEST_PREFIX:Axis10-LimFwd
ECMC_TEST_PREFIX:Axis10-LimBwd
ECMC_TEST_PREFIX:Axis10-HomeSwitch
ECMC_TEST_PREFIX:Axis10-Homed
ECMC_TEST_PREFIX:Axis10-InRT
ECMC_TEST_PREFIX:Axis10-TrjSrcTyp-RB
ECMC_TEST_PREFIX:Axis10-EncSrcTyp-RB
ECMC_TEST_PREFIX:Axis10-AllwCmdFrmPLCCmd-RB
ECMC_TEST_PREFIX:Axis10-SftLimFwdEna-RB
ECMC_TEST_PREFIX:Axis10-SftLimBwdEna-RB
ECMC_TEST_PREFIX:Axis10-PLC-EnaCmd-RB
ECMC_TEST_PREFIX:Axis10-PLC-FirstScan
ECMC_TEST_PREFIX:m0-LinkUp
ECMC_TEST_PREFIX:m0-AlStates-Init
ECMC_TEST_PREFIX:m0-AlStates-Preop
ECMC_TEST_PREFIX:m0-AlStates-Safeop
ECMC_TEST_PREFIX:m0-AlStates-Op
ECMC_TEST_PREFIX:m0-Dom-RedunActive
ECMC_TEST_PREFIX:m0-Dom-WC-Zero
ECMC_TEST_PREFIX:m0-Dom-WC-Incomplete
ECMC_TEST_PREFIX:m0-Dom-WC-Complete
ECMC_TEST_PREFIX:m0-Stat-OK
ECMC_TEST_PREFIX:Axis10-MCU1-asyn
ECMC_TEST_PREFIX:MCU-Cmd
ECMC_TEST_PREFIX:Axis10
